TN:
SF:src/Control.sol
FN:102,Control.initialize
FNDA:8,Control.initialize
DA:103,8
BRDA:103,0,0,1
BRDA:103,0,1,7
DA:105,7
BRDA:105,1,0,-
BRDA:105,1,1,7
DA:109,7
BRDA:109,2,0,1
BRDA:109,2,1,6
DA:110,6
BRDA:110,3,0,1
BRDA:110,3,1,5
DA:115,5
DA:116,5
DA:118,5
DA:119,5
DA:120,5
DA:121,5
DA:123,5
DA:124,5
DA:125,5
DA:126,5
DA:128,5
DA:129,5
DA:131,5
DA:133,5
FN:171,Control.updateOpsReadyState
FNDA:2,Control.updateOpsReadyState
DA:172,1
BRDA:172,4,0,-
BRDA:172,4,1,1
DA:173,1
DA:175,1
FN:184,Control.delegateApprove
FNDA:2,Control.delegateApprove
DA:185,2
FN:188,Control._delegateApprove
FNDA:12,Control._delegateApprove
DA:189,12
DA:191,12
BRDA:191,5,0,-
BRDA:191,5,1,11
DA:192,11
BRDA:192,6,0,-
BRDA:192,6,1,11
DA:193,0
DA:194,0
DA:196,11
DA:197,11
DA:199,1
BRDA:199,7,0,-
BRDA:199,7,1,1
DA:200,0
DA:201,0
FN:211,Control.getInitialMints
FNDA:1,Control.getInitialMints
DA:212,1
DA:213,1
DA:214,1
FN:223,Control.getDailyInitialMints
FNDA:0,Control.getDailyInitialMints
DA:224,0
DA:225,0
DA:226,0
DA:228,0
BRDA:228,8,0,-
BRDA:228,8,1,-
DA:229,0
DA:230,0
DA:231,0
DA:232,0
FN:239,Control.getCurrentPrice
FNDA:0,Control.getCurrentPrice
DA:240,0
DA:241,0
DA:242,0
DA:243,0
DA:244,0
DA:245,0
DA:246,0
FN:252,Control.initialMint
FNDA:0,Control.initialMint
DA:253,0
BRDA:253,9,0,-
BRDA:253,9,1,-
DA:254,0
DA:255,0
DA:257,0
BRDA:257,10,0,-
BRDA:257,10,1,-
DA:258,0
BRDA:258,11,0,-
BRDA:258,11,1,-
DA:260,0
BRDA:260,12,0,-
BRDA:260,12,1,-
DA:261,0
DA:262,0
DA:263,0
DA:264,0
DA:266,0
DA:268,0
BRDA:268,13,0,-
BRDA:268,13,1,-
DA:273,0
BRDA:273,14,0,-
BRDA:273,14,1,-
DA:278,0
DA:279,0
DA:280,0
DA:281,0
DA:283,0
FN:290,Control.execute
FNDA:0,Control.execute
DA:291,0
DA:293,0
BRDA:293,15,0,-
BRDA:293,15,1,-
DA:294,0
DA:295,0
BRDA:295,16,0,-
BRDA:295,16,1,-
DA:296,0
DA:299,0
BRDA:299,17,0,-
BRDA:299,17,1,-
DA:300,0
DA:301,0
DA:302,0
FN:306,Control._mint
FNDA:0,Control._mint
DA:307,0
BRDA:307,18,0,-
BRDA:307,18,1,-
DA:308,0
DA:310,0
DA:311,0
DA:318,0
DA:319,0
DA:320,0
DA:321,0
DA:323,0
DA:324,0
DA:325,0
DA:326,0
DA:327,0
DA:331,0
DA:339,0
DA:340,0
DA:341,0
DA:342,0
DA:343,0
DA:344,0
DA:346,0
DA:348,0
FN:351,Control._redeem
FNDA:0,Control._redeem
DA:352,0
DA:353,0
BRDA:353,19,0,-
BRDA:353,19,1,-
DA:354,0
DA:356,0
DA:357,0
DA:368,0
DA:369,0
DA:370,0
DA:371,0
DA:372,0
DA:374,0
DA:375,0
DA:376,0
DA:377,0
DA:378,0
DA:382,0
DA:388,0
DA:389,0
DA:393,0
DA:394,0
DA:395,0
DA:396,0
DA:398,0
DA:400,0
FNF:11
FNH:5
LF:123
LH:31
BRF:40
BRH:11
end_of_record
TN:
SF:src/Earn.sol
FN:122,Earn.initialize
FNDA:47,Earn.initialize
DA:123,47
BRDA:123,0,0,1
BRDA:123,0,1,46
DA:127,46
BRDA:127,1,0,1
BRDA:127,1,1,45
DA:128,45
BRDA:128,2,0,1
BRDA:128,2,1,44
DA:129,44
BRDA:129,3,0,1
BRDA:129,3,1,43
DA:130,43
BRDA:130,4,0,1
BRDA:130,4,1,42
DA:131,42
DA:133,42
DA:135,42
DA:136,42
DA:137,42
DA:138,42
DA:140,42
DA:141,42
DA:142,42
DA:144,42
DA:148,42
DA:149,42
DA:150,42
DA:154,42
BRDA:154,5,0,42
BRDA:154,5,1,42
DA:155,42
DA:156,42
DA:157,42
DA:160,42
FN:184,Earn.poolLength
FNDA:2,Earn.poolLength
DA:185,2
FN:188,Earn._addPool
FNDA:126,Earn._addPool
DA:189,126
DA:190,126
DA:191,126
DA:194,126
DA:195,126
FN:206,Earn.updateAllocationWithUpdate
FNDA:2,Earn.updateAllocationWithUpdate
DA:207,1
DA:208,1
DA:209,1
DA:210,1
DA:212,1
FN:220,Earn.massUpdatePools
FNDA:1,Earn.massUpdatePools
DA:221,2
DA:223,2
DA:224,6
FN:232,Earn.updatePool
FNDA:6,Earn.updatePool
DA:233,36
DA:234,36
BRDA:234,6,0,20
BRDA:234,6,1,16
DA:235,20
DA:237,16
DA:238,16
BRDA:238,7,0,7
BRDA:238,7,1,9
DA:239,7
DA:240,7
DA:241,7
DA:243,9
DA:244,9
DA:245,9
DA:246,9
DA:248,9
DA:249,9
DA:250,9
DA:251,9
DA:252,9
FN:255,Earn.binarySearchShare
FNDA:10,Earn.binarySearchShare
DA:256,10
DA:257,10
DA:258,10
DA:259,10
BRDA:259,8,0,-
BRDA:259,8,1,-
DA:260,0
DA:261,10
BRDA:261,9,0,-
BRDA:261,9,1,9
DA:262,9
DA:264,1
DA:265,1
DA:267,3
DA:268,2
DA:270,2
BRDA:270,10,0,1
BRDA:270,10,1,1
DA:271,1
DA:272,1
BRDA:272,11,0,-
BRDA:272,11,1,-
DA:273,0
DA:275,1
DA:278,1
FN:284,Earn.getPendingBatch
FNDA:1,Earn.getPendingBatch
DA:285,1
DA:287,1
DA:288,2
DA:290,1
FN:296,Earn.getPendingType
FNDA:1,Earn.getPendingType
DA:297,1
DA:299,1
DA:300,2
BRDA:300,12,0,2
BRDA:300,12,1,2
DA:301,2
DA:304,1
FN:311,Earn.getPending
FNDA:4,Earn.getPending
DA:312,13
DA:313,13
DA:314,13
DA:316,13
BRDA:316,13,0,-
BRDA:316,13,1,7
DA:317,13
BRDA:317,14,0,10
BRDA:317,14,1,13
DA:318,10
DA:319,10
DA:320,10
DA:321,10
DA:323,13
BRDA:323,15,0,-
BRDA:323,15,1,7
DA:324,7
DA:325,7
DA:327,7
DA:329,7
DA:331,13
DA:335,13
FN:341,Earn.getDailyPayoutBatch
FNDA:0,Earn.getDailyPayoutBatch
DA:342,0
DA:344,0
DA:345,0
DA:347,0
BRDA:347,16,0,-
BRDA:347,16,1,-
DA:348,0
BRDA:348,17,0,-
BRDA:348,17,1,-
DA:349,0
DA:350,0
DA:351,0
DA:355,0
FN:361,Earn.getPayoutBatch
FNDA:0,Earn.getPayoutBatch
DA:362,0
DA:364,0
DA:365,0
DA:367,0
FN:373,Earn.getPayoutType
FNDA:0,Earn.getPayoutType
DA:374,0
DA:376,0
DA:377,0
BRDA:377,18,0,-
BRDA:377,18,1,-
DA:378,0
DA:381,0
FN:387,Earn.getPayout
FNDA:2,Earn.getPayout
DA:388,7
DA:389,7
DA:391,7
BRDA:391,19,0,-
BRDA:391,19,1,5
DA:393,7
DA:394,7
DA:397,7
BRDA:397,20,0,-
BRDA:397,20,1,5
DA:398,5
DA:399,5
DA:400,5
DA:403,7
FN:409,Earn.stake
FNDA:22,Earn.stake
DA:410,22
BRDA:410,21,0,1
BRDA:410,21,1,21
DA:411,21
BRDA:411,22,0,1
BRDA:411,22,1,20
DA:412,20
DA:413,20
DA:414,20
DA:415,19
DA:416,19
DA:418,19
DA:419,19
DA:420,19
DA:422,19
DA:423,19
DA:424,19
DA:425,19
DA:426,19
DA:427,19
DA:428,19
DA:429,19
DA:430,19
DA:432,19
DA:433,19
DA:436,19
FN:442,Earn.claimPayout
FNDA:6,Earn.claimPayout
DA:443,6
DA:444,6
DA:446,6
BRDA:446,23,0,1
BRDA:446,23,1,5
DA:447,5
DA:448,5
DA:450,5
DA:452,5
BRDA:452,24,0,2
BRDA:452,24,1,-
DA:453,3
BRDA:453,25,0,1
BRDA:453,25,1,2
DA:454,2
DA:455,2
DA:456,2
DA:458,2
DA:460,2
DA:462,2
DA:463,2
DA:464,2
DA:465,2
DA:467,2
DA:468,2
DA:470,2
DA:473,4
BRDA:473,26,0,-
BRDA:473,26,1,3
DA:474,3
DA:476,4
BRDA:476,27,0,-
BRDA:476,27,1,3
DA:477,3
FNF:16
FNH:13
LF:170
LH:150
BRF:56
BRH:38
end_of_record
TN:
SF:src/Farm.sol
FN:78,Farm.initialize
FNDA:16,Farm.initialize
DA:79,16
BRDA:79,0,0,1
BRDA:79,0,1,15
DA:83,15
BRDA:83,1,0,1
BRDA:83,1,1,14
DA:86,14
DA:88,14
DA:90,14
DA:92,14
DA:94,14
DA:95,14
DA:96,14
DA:97,14
DA:101,14
BRDA:101,2,0,-
BRDA:101,2,1,14
DA:102,14
DA:103,14
DA:104,14
DA:107,14
FN:130,Farm.poolLength
FNDA:14,Farm.poolLength
DA:131,14
FN:144,Farm.addPool
FNDA:4,Farm.addPool
DA:145,3
BRDA:145,3,0,1
BRDA:145,3,1,3
DA:146,1
DA:148,3
DA:149,3
DA:150,3
FN:153,Farm._addPool
FNDA:45,Farm._addPool
DA:154,45
DA:155,45
DA:156,45
DA:157,45
DA:159,45
DA:161,45
FN:170,Farm.updateAllocation
FNDA:3,Farm.updateAllocation
DA:171,2
BRDA:171,4,0,2
BRDA:171,4,1,2
DA:172,2
DA:174,2
DA:175,2
DA:176,2
DA:178,2
FN:186,Farm.massUpdatePools
FNDA:0,Farm.massUpdatePools
DA:187,3
DA:189,3
DA:190,9
FN:199,Farm.getPendingBatch
FNDA:1,Farm.getPendingBatch
DA:200,1
DA:202,1
DA:203,3
DA:205,1
FN:211,Farm.getPending
FNDA:1,Farm.getPending
DA:212,4
DA:213,4
DA:214,4
DA:215,4
DA:217,4
BRDA:217,5,0,2
BRDA:217,5,1,4
DA:218,2
DA:219,2
DA:220,2
DA:222,4
DA:223,4
FN:234,Farm.updatePool
FNDA:1,Farm.updatePool
DA:235,19
DA:237,19
BRDA:237,6,0,10
BRDA:237,6,1,9
DA:238,10
DA:240,9
DA:242,9
BRDA:242,7,0,6
BRDA:242,7,1,3
DA:243,6
DA:244,6
DA:246,3
DA:247,3
DA:248,3
DA:249,3
FN:252,Farm.deposit
FNDA:8,Farm.deposit
DA:253,8
DA:254,8
DA:255,8
DA:257,8
BRDA:257,8,0,-
BRDA:257,8,1,2
DA:258,2
DA:260,2
BRDA:260,9,0,-
BRDA:260,9,1,2
DA:261,2
DA:264,8
BRDA:264,10,0,8
BRDA:264,10,1,8
DA:265,8
DA:266,8
DA:268,8
DA:270,8
FN:276,Farm.withdraw
FNDA:1,Farm.withdraw
DA:277,1
DA:278,1
DA:279,1
BRDA:279,11,0,-
BRDA:279,11,1,1
DA:280,1
DA:281,1
DA:283,1
BRDA:283,12,0,-
BRDA:283,12,1,1
DA:284,1
DA:286,1
BRDA:286,13,0,1
BRDA:286,13,1,1
DA:287,1
DA:288,1
DA:290,1
DA:292,1
FN:300,Farm.emergencyWithdraw
FNDA:1,Farm.emergencyWithdraw
DA:301,1
DA:302,1
DA:303,1
DA:305,1
DA:307,1
DA:308,1
FNF:12
FNH:11
LF:91
LH:91
BRF:28
BRH:23
end_of_record
TN:
SF:src/HYDT.sol
FN:46,HYDT.initialize
FNDA:44,HYDT.initialize
DA:47,44
BRDA:47,0,0,1
BRDA:47,0,1,43
DA:51,43
BRDA:51,1,0,1
BRDA:51,1,1,42
DA:52,42
BRDA:52,2,0,1
BRDA:52,2,1,41
DA:53,41
DA:54,41
DA:56,41
DA:57,41
FN:75,HYDT.mint
FNDA:7,HYDT.mint
DA:76,6
DA:77,6
FN:83,HYDT.burn
FNDA:1,HYDT.burn
DA:84,1
DA:85,1
DA:86,1
FN:107,HYDT.burnFrom
FNDA:20,HYDT.burnFrom
DA:108,20
DA:109,20
DA:110,20
DA:111,20
FNF:4
FNH:4
LF:16
LH:16
BRF:6
BRH:6
end_of_record
TN:
SF:src/HYGT.sol
FN:102,HYGT.initialize
FNDA:45,HYGT.initialize
DA:103,45
BRDA:103,0,0,1
BRDA:103,0,1,44
DA:107,44
BRDA:107,1,0,1
BRDA:107,1,1,43
DA:108,43
BRDA:108,2,0,1
BRDA:108,2,1,42
DA:109,42
DA:110,42
DA:112,42
FN:126,HYGT.maxSupply
FNDA:0,HYGT.maxSupply
DA:127,0
FN:134,HYGT.getCurrentVotes
FNDA:0,HYGT.getCurrentVotes
DA:135,0
DA:136,0
FN:145,HYGT.getPriorVotes
FNDA:0,HYGT.getPriorVotes
DA:146,0
BRDA:146,3,0,-
BRDA:146,3,1,-
DA:147,0
DA:149,0
BRDA:149,4,0,-
BRDA:149,4,1,-
DA:150,0
DA:153,0
BRDA:153,5,0,-
BRDA:153,5,1,-
DA:154,0
DA:157,0
BRDA:157,6,0,-
BRDA:157,6,1,-
DA:158,0
DA:161,0
DA:162,0
DA:163,0
DA:164,0
DA:165,0
DA:167,0
BRDA:167,7,0,-
BRDA:167,7,1,-
DA:168,0
DA:169,0
BRDA:169,8,0,-
BRDA:169,8,1,-
DA:170,0
DA:172,0
DA:175,0
FN:181,HYGT.unlock
FNDA:0,HYGT.unlock
DA:182,0
DA:184,0
BRDA:184,9,0,-
BRDA:184,9,1,-
DA:185,0
DA:186,0
DA:187,0
DA:188,0
DA:190,0
BRDA:190,10,0,-
BRDA:190,10,1,-
DA:191,0
DA:193,0
BRDA:193,11,0,-
BRDA:193,11,1,-
DA:194,0
DA:196,0
DA:197,0
DA:198,0
DA:200,0
BRDA:200,12,0,-
BRDA:200,12,1,-
DA:201,0
DA:204,0
FN:215,HYGT.mint
FNDA:11,HYGT.mint
DA:216,10
DA:217,10
DA:219,10
BRDA:219,13,0,1
BRDA:219,13,1,9
DA:220,9
DA:221,9
FN:227,HYGT.burn
FNDA:1,HYGT.burn
DA:228,1
DA:229,1
DA:230,1
FN:251,HYGT.burnFrom
FNDA:1,HYGT.burnFrom
DA:252,1
DA:253,1
DA:254,1
DA:255,1
FN:262,HYGT.delegate
FNDA:0,HYGT.delegate
DA:263,0
FN:266,HYGT._delegate
FNDA:0,HYGT._delegate
DA:267,0
DA:268,0
DA:269,0
DA:271,0
DA:273,0
FN:276,HYGT._beforeTokenTransfer
FNDA:11,HYGT._beforeTokenTransfer
DA:282,11
FN:285,HYGT._moveDelegates
FNDA:11,HYGT._moveDelegates
DA:290,11
BRDA:290,14,0,-
BRDA:290,14,1,-
DA:291,0
BRDA:291,15,0,-
BRDA:291,15,1,-
DA:292,0
DA:293,0
DA:294,0
DA:295,0
DA:297,0
BRDA:297,16,0,-
BRDA:297,16,1,-
DA:298,0
DA:299,0
DA:300,0
DA:301,0
FN:306,HYGT._writeCheckpoint
FNDA:0,HYGT._writeCheckpoint
DA:312,0
BRDA:312,17,0,-
BRDA:312,17,1,-
DA:313,0
DA:315,0
DA:316,0
DA:319,0
FNF:13
FNH:6
LF:79
LH:20
BRF:36
BRH:8
end_of_record
TN:
SF:src/Reserve.sol
FN:46,Reserve.initialize
FNDA:295,Reserve.initialize
DA:47,295
BRDA:47,0,0,1
BRDA:47,0,1,294
DA:51,294
BRDA:51,1,0,1
BRDA:51,1,1,293
DA:52,293
DA:54,293
DA:56,293
FN:71,Reserve.withdraw
FNDA:256,Reserve.withdraw
DA:72,0
DA:73,0
DA:74,0
DA:76,0
FNF:2
FNH:2
LF:9
LH:5
BRF:4
BRH:4
end_of_record
TN:
SF:src/WBNB.sol
FN:117,Context._msgSender
FNDA:0,Context._msgSender
DA:118,0
FN:121,Context._msgData
FNDA:0,Context._msgData
DA:123,0
FN:150,SafeMath.add
FNDA:0,SafeMath.add
DA:151,0
DA:152,0
BRDA:152,0,0,-
BRDA:152,0,1,-
DA:154,0
FN:166,SafeMath.sub
FNDA:0,SafeMath.sub
DA:167,0
FN:179,SafeMath.sub
FNDA:0,SafeMath.sub
DA:180,0
BRDA:180,1,0,-
BRDA:180,1,1,-
DA:181,0
DA:183,0
FN:195,SafeMath.mul
FNDA:0,SafeMath.mul
DA:199,0
BRDA:199,2,0,-
BRDA:199,2,1,-
DA:200,0
DA:203,0
DA:204,0
BRDA:204,3,0,-
BRDA:204,3,1,-
DA:206,0
FN:220,SafeMath.div
FNDA:0,SafeMath.div
DA:221,0
FN:235,SafeMath.div
FNDA:0,SafeMath.div
DA:237,0
BRDA:237,4,0,-
BRDA:237,4,1,-
DA:238,0
DA:241,0
FN:255,SafeMath.mod
FNDA:0,SafeMath.mod
DA:256,0
FN:270,SafeMath.mod
FNDA:0,SafeMath.mod
DA:271,0
BRDA:271,5,0,-
BRDA:271,5,1,-
DA:272,0
FN:305,Ownable.owner
FNDA:0,Ownable.owner
DA:306,0
FN:324,Ownable.renounceOwnership
FNDA:0,Ownable.renounceOwnership
DA:325,0
DA:326,0
FN:333,Ownable.transferOwnership
FNDA:0,Ownable.transferOwnership
DA:334,0
FN:340,Ownable._transferOwnership
FNDA:0,Ownable._transferOwnership
DA:341,0
BRDA:341,0,0,-
BRDA:341,0,1,-
DA:342,0
DA:343,0
FN:373,WBNB.getOwner
FNDA:0,WBNB.getOwner
DA:374,0
FN:380,WBNB.decimals
FNDA:0,WBNB.decimals
DA:381,0
FN:387,WBNB.symbol
FNDA:0,WBNB.symbol
DA:388,0
FN:394,WBNB.name
FNDA:0,WBNB.name
DA:395,0
FN:401,WBNB.totalSupply
FNDA:0,WBNB.totalSupply
DA:402,0
FN:408,WBNB.balanceOf
FNDA:0,WBNB.balanceOf
DA:409,0
FN:420,WBNB.transfer
FNDA:0,WBNB.transfer
DA:421,0
DA:422,0
FN:428,WBNB.allowance
FNDA:0,WBNB.allowance
DA:429,0
FN:439,WBNB.approve
FNDA:0,WBNB.approve
DA:440,0
DA:441,0
FN:456,WBNB.transferFrom
FNDA:0,WBNB.transferFrom
DA:457,0
DA:458,0
DA:459,0
FN:474,WBNB.increaseAllowance
FNDA:0,WBNB.increaseAllowance
DA:475,0
DA:476,0
FN:493,WBNB.decreaseAllowance
FNDA:0,WBNB.decreaseAllowance
DA:494,0
DA:495,0
FN:506,WBNB.mint
FNDA:0,WBNB.mint
DA:507,0
DA:508,0
FN:514,WBNB.burn
FNDA:0,WBNB.burn
DA:515,0
DA:516,0
FN:533,WBNB._transfer
FNDA:0,WBNB._transfer
DA:534,0
BRDA:534,0,0,-
BRDA:534,0,1,-
DA:535,0
BRDA:535,1,0,-
BRDA:535,1,1,-
DA:537,0
DA:538,0
DA:539,0
FN:551,WBNB._mint
FNDA:0,WBNB._mint
DA:552,0
BRDA:552,2,0,-
BRDA:552,2,1,-
DA:554,0
DA:555,0
DA:556,0
FN:570,WBNB._burn
FNDA:0,WBNB._burn
DA:571,0
BRDA:571,3,0,-
BRDA:571,3,1,-
DA:573,0
DA:574,0
DA:575,0
FN:591,WBNB._approve
FNDA:0,WBNB._approve
DA:592,0
BRDA:592,4,0,-
BRDA:592,4,1,-
DA:593,0
BRDA:593,5,0,-
BRDA:593,5,1,-
DA:595,0
DA:596,0
FN:605,WBNB._burnFrom
FNDA:0,WBNB._burnFrom
DA:606,0
DA:607,0
FNF:33
FNH:0
LF:69
LH:0
BRF:26
BRH:0
end_of_record
TN:
SF:src/extensions/ERC20.sol
FN:62,ERC20.name
FNDA:0,ERC20.name
DA:63,0
FN:70,ERC20.symbol
FNDA:0,ERC20.symbol
DA:71,0
FN:87,ERC20.decimals
FNDA:0,ERC20.decimals
DA:88,0
FN:94,ERC20.totalSupply
FNDA:0,ERC20.totalSupply
DA:95,0
FN:101,ERC20.balanceOf
FNDA:13,ERC20.balanceOf
DA:102,13
FN:113,ERC20.transfer
FNDA:0,ERC20.transfer
DA:114,0
DA:115,0
DA:116,0
FN:122,ERC20.allowance
FNDA:13,ERC20.allowance
DA:123,55
FN:136,ERC20.approve
FNDA:28,ERC20.approve
DA:137,28
DA:138,28
DA:139,28
FN:158,ERC20.transferFrom
FNDA:20,ERC20.transferFrom
DA:159,20
DA:160,20
DA:161,19
DA:162,19
FN:177,ERC20.increaseAllowance
FNDA:0,ERC20.increaseAllowance
DA:178,0
DA:179,0
DA:180,0
FN:197,ERC20.decreaseAllowance
FNDA:0,ERC20.decreaseAllowance
DA:198,0
DA:199,0
DA:200,0
BRDA:200,0,0,-
BRDA:200,0,1,-
DA:202,0
DA:205,0
FN:222,ERC20._transfer
FNDA:19,ERC20._transfer
DA:223,19
BRDA:223,1,0,-
BRDA:223,1,1,19
DA:224,19
BRDA:224,2,0,-
BRDA:224,2,1,19
DA:226,19
DA:228,19
DA:229,19
BRDA:229,3,0,-
BRDA:229,3,1,19
DA:231,19
DA:234,19
DA:237,19
DA:239,19
FN:251,ERC20._mint
FNDA:37,ERC20._mint
DA:252,37
BRDA:252,4,0,-
BRDA:252,4,1,37
DA:254,37
DA:256,37
DA:259,37
DA:261,37
DA:263,37
FN:277,ERC20._burn
FNDA:27,ERC20._burn
DA:278,27
BRDA:278,5,0,-
BRDA:278,5,1,27
DA:280,27
DA:282,27
DA:283,27
BRDA:283,6,0,-
BRDA:283,6,1,27
DA:285,27
DA:287,27
DA:290,27
DA:292,27
FN:308,ERC20._approve
FNDA:69,ERC20._approve
DA:309,69
BRDA:309,7,0,-
BRDA:309,7,1,69
DA:310,69
BRDA:310,8,0,-
BRDA:310,8,1,69
DA:312,69
DA:313,69
FN:324,ERC20._spendAllowance
FNDA:42,ERC20._spendAllowance
DA:325,42
DA:326,42
BRDA:326,9,0,1
BRDA:326,9,1,41
DA:327,42
BRDA:327,10,0,1
BRDA:327,10,1,41
DA:329,41
FN:348,ERC20._beforeTokenTransfer
FNDA:72,ERC20._beforeTokenTransfer
FN:364,ERC20._afterTokenTransfer
FNDA:83,ERC20._afterTokenTransfer
FNF:18
FNH:11
LF:55
LH:40
BRF:22
BRH:12
end_of_record
TN:
SF:src/extensions/USDT.sol
FN:150,SafeMath.add
FNDA:0,SafeMath.add
DA:151,0
DA:152,0
BRDA:152,0,0,-
BRDA:152,0,1,-
DA:154,0
FN:166,SafeMath.sub
FNDA:0,SafeMath.sub
DA:167,0
FN:179,SafeMath.sub
FNDA:0,SafeMath.sub
DA:180,0
BRDA:180,1,0,-
BRDA:180,1,1,-
DA:181,0
DA:183,0
FN:195,SafeMath.mul
FNDA:0,SafeMath.mul
DA:199,0
BRDA:199,2,0,-
BRDA:199,2,1,-
DA:200,0
DA:203,0
DA:204,0
BRDA:204,3,0,-
BRDA:204,3,1,-
DA:206,0
FN:220,SafeMath.div
FNDA:0,SafeMath.div
DA:221,0
FN:235,SafeMath.div
FNDA:0,SafeMath.div
DA:237,0
BRDA:237,4,0,-
BRDA:237,4,1,-
DA:238,0
DA:241,0
FN:255,SafeMath.mod
FNDA:0,SafeMath.mod
DA:256,0
FN:270,SafeMath.mod
FNDA:0,SafeMath.mod
DA:271,0
BRDA:271,5,0,-
BRDA:271,5,1,-
DA:272,0
FN:117,Context._msgSender
FNDA:34,Context._msgSender
DA:118,34
FN:121,Context._msgData
FNDA:0,Context._msgData
DA:123,0
FN:373,USDT.getOwner
FNDA:0,USDT.getOwner
DA:374,0
FN:380,USDT.decimals
FNDA:0,USDT.decimals
DA:381,0
FN:387,USDT.symbol
FNDA:0,USDT.symbol
DA:388,0
FN:394,USDT.name
FNDA:0,USDT.name
DA:395,0
FN:401,USDT.totalSupply
FNDA:0,USDT.totalSupply
DA:402,0
FN:408,USDT.balanceOf
FNDA:14,USDT.balanceOf
DA:409,14
FN:420,USDT.transfer
FNDA:2,USDT.transfer
DA:421,2
DA:422,2
FN:428,USDT.allowance
FNDA:10,USDT.allowance
DA:429,10
FN:439,USDT.approve
FNDA:16,USDT.approve
DA:440,16
DA:441,16
FN:456,USDT.transferFrom
FNDA:8,USDT.transferFrom
DA:457,8
DA:458,8
DA:459,8
FN:474,USDT.increaseAllowance
FNDA:0,USDT.increaseAllowance
DA:475,0
DA:476,0
FN:493,USDT.decreaseAllowance
FNDA:0,USDT.decreaseAllowance
DA:494,0
DA:495,0
FN:506,USDT.mint
FNDA:0,USDT.mint
DA:507,0
DA:508,0
FN:514,USDT.burn
FNDA:0,USDT.burn
DA:515,0
DA:516,0
FN:533,USDT._transfer
FNDA:10,USDT._transfer
DA:534,10
BRDA:534,0,0,-
BRDA:534,0,1,10
DA:535,10
BRDA:535,1,0,-
BRDA:535,1,1,10
DA:537,10
DA:538,10
DA:539,10
FN:551,USDT._mint
FNDA:0,USDT._mint
DA:552,0
BRDA:552,2,0,-
BRDA:552,2,1,-
DA:554,0
DA:555,0
DA:556,0
FN:570,USDT._burn
FNDA:0,USDT._burn
DA:571,0
BRDA:571,3,0,-
BRDA:571,3,1,-
DA:573,0
DA:574,0
DA:575,0
FN:591,USDT._approve
FNDA:24,USDT._approve
DA:592,24
BRDA:592,4,0,-
BRDA:592,4,1,24
DA:593,24
BRDA:593,5,0,-
BRDA:593,5,1,24
DA:595,24
DA:596,24
FN:605,USDT._burnFrom
FNDA:0,USDT._burnFrom
DA:606,0
DA:607,0
FN:305,Ownable.owner
FNDA:0,Ownable.owner
DA:306,0
FN:324,Ownable.renounceOwnership
FNDA:0,Ownable.renounceOwnership
DA:325,0
DA:326,0
FN:333,Ownable.transferOwnership
FNDA:0,Ownable.transferOwnership
DA:334,0
FN:340,Ownable._transferOwnership
FNDA:0,Ownable._transferOwnership
DA:341,0
BRDA:341,0,0,-
BRDA:341,0,1,-
DA:342,0
DA:343,0
FNF:33
FNH:8
LF:69
LH:19
BRF:26
BRH:4
end_of_record
TN:
SF:src/libraries/Address.sol
FN:40,Address.isContract
FNDA:0,Address.isContract
DA:45,0
FN:64,Address.sendValue
FNDA:0,Address.sendValue
DA:65,0
BRDA:65,0,0,-
BRDA:65,0,1,-
DA:67,0
DA:68,0
BRDA:68,1,0,-
BRDA:68,1,1,-
FN:89,Address.functionCall
FNDA:0,Address.functionCall
DA:90,0
FN:99,Address.functionCall
FNDA:0,Address.functionCall
DA:104,0
FN:118,Address.functionCallWithValue
FNDA:0,Address.functionCallWithValue
DA:119,0
FN:128,Address.functionCallWithValue
FNDA:0,Address.functionCallWithValue
DA:134,0
BRDA:134,2,0,-
BRDA:134,2,1,-
DA:135,0
DA:136,0
FN:145,Address.functionStaticCall
FNDA:0,Address.functionStaticCall
DA:146,0
FN:155,Address.functionStaticCall
FNDA:0,Address.functionStaticCall
DA:160,0
DA:161,0
FN:170,Address.functionDelegateCall
FNDA:0,Address.functionDelegateCall
DA:171,0
FN:180,Address.functionDelegateCall
FNDA:0,Address.functionDelegateCall
DA:185,0
DA:186,0
FN:195,Address.verifyCallResultFromTarget
FNDA:0,Address.verifyCallResultFromTarget
DA:201,0
BRDA:201,3,0,-
BRDA:201,3,1,-
DA:202,0
BRDA:202,4,0,-
BRDA:202,4,1,-
DA:205,0
BRDA:205,5,0,-
BRDA:205,5,1,-
DA:207,0
DA:209,0
FN:219,Address.verifyCallResult
FNDA:0,Address.verifyCallResult
DA:224,0
BRDA:224,6,0,-
BRDA:224,6,1,-
DA:225,0
DA:227,0
FN:231,Address._revert
FNDA:0,Address._revert
DA:233,0
BRDA:233,7,0,-
BRDA:233,7,1,-
DA:241,0
FNF:13
FNH:0
LF:26
LH:0
BRF:16
BRH:0
end_of_record
TN:
SF:src/libraries/Counters.sol
FN:22,Counters.current
FNDA:0,Counters.current
DA:23,0
FN:26,Counters.increment
FNDA:0,Counters.increment
DA:28,0
FN:32,Counters.decrement
FNDA:0,Counters.decrement
DA:33,0
DA:34,0
BRDA:34,0,0,-
BRDA:34,0,1,-
DA:36,0
FN:40,Counters.reset
FNDA:0,Counters.reset
DA:41,0
FNF:4
FNH:0
LF:6
LH:0
BRF:2
BRH:0
end_of_record
TN:
SF:src/libraries/DataFetcher.sol
FN:14,DataFetcher.pairFor
FNDA:0,DataFetcher.pairFor
DA:15,0
FN:18,DataFetcher.getReserves
FNDA:0,DataFetcher.getReserves
DA:19,0
DA:20,0
DA:21,0
DA:22,0
FN:25,DataFetcher.quote
FNDA:0,DataFetcher.quote
DA:26,0
DA:27,0
FN:30,DataFetcher.quoteBatch
FNDA:0,DataFetcher.quoteBatch
DA:31,0
BRDA:31,0,0,-
BRDA:31,0,1,-
DA:32,0
DA:33,0
DA:35,0
DA:36,0
FN:40,DataFetcher.quoteRouted
FNDA:0,DataFetcher.quoteRouted
DA:41,0
BRDA:41,1,0,-
BRDA:41,1,1,-
DA:42,0
DA:43,0
DA:45,0
DA:46,0
DA:47,0
DA:49,0
FNF:5
FNH:0
LF:19
LH:0
BRF:4
BRH:0
end_of_record
TN:
SF:src/libraries/ECDSA.sol
FN:23,ECDSA._throwError
FNDA:0,ECDSA._throwError
DA:24,0
BRDA:24,0,0,-
BRDA:24,0,1,-
DA:25,0
DA:26,0
BRDA:26,1,0,-
BRDA:26,1,1,-
DA:27,0
DA:28,0
BRDA:28,2,0,-
BRDA:28,2,1,-
DA:29,0
DA:30,0
BRDA:30,3,0,-
BRDA:30,3,1,-
DA:31,0
FN:55,ECDSA.tryRecover
FNDA:0,ECDSA.tryRecover
DA:56,0
BRDA:56,4,0,-
BRDA:56,4,1,-
DA:57,0
DA:58,0
DA:59,0
DA:64,0
DA:65,0
DA:66,0
DA:68,0
DA:70,0
FN:88,ECDSA.recover
FNDA:0,ECDSA.recover
DA:89,0
DA:90,0
DA:91,0
FN:101,ECDSA.tryRecover
FNDA:0,ECDSA.tryRecover
DA:102,0
DA:103,0
DA:104,0
FN:112,ECDSA.recover
FNDA:0,ECDSA.recover
DA:113,0
DA:114,0
DA:115,0
FN:124,ECDSA.tryRecover
FNDA:0,ECDSA.tryRecover
DA:134,0
BRDA:134,5,0,-
BRDA:134,5,1,-
DA:135,0
DA:139,0
DA:140,0
BRDA:140,6,0,-
BRDA:140,6,1,-
DA:141,0
DA:144,0
FN:151,ECDSA.recover
FNDA:0,ECDSA.recover
DA:152,0
DA:153,0
DA:154,0
FN:165,ECDSA.toEthSignedMessageHash
FNDA:0,ECDSA.toEthSignedMessageHash
DA:168,0
FN:179,ECDSA.toEthSignedMessageHash
FNDA:0,ECDSA.toEthSignedMessageHash
DA:180,0
FN:192,ECDSA.toTypedDataHash
FNDA:0,ECDSA.toTypedDataHash
DA:193,0
FNF:10
FNH:0
LF:38
LH:0
BRF:14
BRH:0
end_of_record
TN:
SF:src/libraries/Math.sol
FN:19,Math.max
FNDA:0,Math.max
DA:20,0
FN:26,Math.min
FNDA:0,Math.min
DA:27,0
FN:34,Math.average
FNDA:0,Math.average
DA:36,0
FN:45,Math.ceilDiv
FNDA:0,Math.ceilDiv
DA:47,0
FN:55,Math.mulDiv
FNDA:0,Math.mulDiv
DA:60,0
DA:61,0
DA:64,0
DA:65,0
DA:69,0
BRDA:69,0,0,-
BRDA:69,0,1,-
DA:70,0
DA:74,0
BRDA:74,1,0,-
BRDA:74,1,1,-
DA:81,0
DA:84,0
DA:87,0
DA:88,0
DA:95,0
DA:98,0
DA:101,0
DA:104,0
DA:108,0
DA:113,0
DA:117,0
DA:118,0
DA:119,0
DA:120,0
DA:121,0
DA:122,0
DA:128,0
DA:129,0
FN:136,Math.mulDiv
FNDA:0,Math.mulDiv
DA:137,0
DA:138,0
BRDA:138,2,0,-
BRDA:138,2,1,-
DA:139,0
DA:141,0
FN:149,Math.sqrt
FNDA:0,Math.sqrt
DA:150,0
BRDA:150,3,0,-
BRDA:150,3,1,-
DA:151,0
DA:164,0
DA:171,0
DA:172,0
DA:173,0
DA:174,0
DA:175,0
DA:176,0
DA:177,0
DA:178,0
FN:185,Math.sqrt
FNDA:0,Math.sqrt
DA:187,0
DA:188,0
FN:196,Math.log2
FNDA:0,Math.log2
DA:197,0
DA:199,0
BRDA:199,4,0,-
BRDA:199,4,1,-
DA:200,0
DA:201,0
DA:203,0
BRDA:203,5,0,-
BRDA:203,5,1,-
DA:204,0
DA:205,0
DA:207,0
BRDA:207,6,0,-
BRDA:207,6,1,-
DA:208,0
DA:209,0
DA:211,0
BRDA:211,7,0,-
BRDA:211,7,1,-
DA:212,0
DA:213,0
DA:215,0
BRDA:215,8,0,-
BRDA:215,8,1,-
DA:216,0
DA:217,0
DA:219,0
BRDA:219,9,0,-
BRDA:219,9,1,-
DA:220,0
DA:221,0
DA:223,0
BRDA:223,10,0,-
BRDA:223,10,1,-
DA:224,0
DA:225,0
DA:227,0
BRDA:227,11,0,-
BRDA:227,11,1,-
DA:228,0
DA:231,0
FN:238,Math.log2
FNDA:0,Math.log2
DA:240,0
DA:241,0
FN:249,Math.log10
FNDA:0,Math.log10
DA:250,0
DA:252,0
BRDA:252,12,0,-
BRDA:252,12,1,-
DA:253,0
DA:254,0
DA:256,0
BRDA:256,13,0,-
BRDA:256,13,1,-
DA:257,0
DA:258,0
DA:260,0
BRDA:260,14,0,-
BRDA:260,14,1,-
DA:261,0
DA:262,0
DA:264,0
BRDA:264,15,0,-
BRDA:264,15,1,-
DA:265,0
DA:266,0
DA:268,0
BRDA:268,16,0,-
BRDA:268,16,1,-
DA:269,0
DA:270,0
DA:272,0
BRDA:272,17,0,-
BRDA:272,17,1,-
DA:273,0
DA:274,0
DA:276,0
BRDA:276,18,0,-
BRDA:276,18,1,-
DA:277,0
DA:280,0
FN:287,Math.log10
FNDA:0,Math.log10
DA:289,0
DA:290,0
FN:300,Math.log256
FNDA:0,Math.log256
DA:301,0
DA:303,0
BRDA:303,19,0,-
BRDA:303,19,1,-
DA:304,0
DA:305,0
DA:307,0
BRDA:307,20,0,-
BRDA:307,20,1,-
DA:308,0
DA:309,0
DA:311,0
BRDA:311,21,0,-
BRDA:311,21,1,-
DA:312,0
DA:313,0
DA:315,0
BRDA:315,22,0,-
BRDA:315,22,1,-
DA:316,0
DA:317,0
DA:319,0
BRDA:319,23,0,-
BRDA:319,23,1,-
DA:320,0
DA:323,0
FN:330,Math.log256
FNDA:0,Math.log256
DA:332,0
DA:333,0
FNF:14
FNH:0
LF:115
LH:0
BRF:48
BRH:0
end_of_record
TN:
SF:src/libraries/SafeERC20.sol
FN:22,SafeERC20.safeTransfer
FNDA:2,SafeERC20.safeTransfer
DA:23,2
FN:26,SafeERC20.safeTransferFrom
FNDA:28,SafeERC20.safeTransferFrom
DA:27,28
FN:37,SafeERC20.safeApprove
FNDA:11,SafeERC20.safeApprove
DA:41,11
BRDA:41,0,0,-
BRDA:41,0,1,11
DA:45,11
FN:48,SafeERC20.safeIncreaseAllowance
FNDA:0,SafeERC20.safeIncreaseAllowance
DA:49,0
DA:50,0
FN:53,SafeERC20.safeDecreaseAllowance
FNDA:0,SafeERC20.safeDecreaseAllowance
DA:55,0
DA:56,0
BRDA:56,1,0,-
BRDA:56,1,1,-
DA:57,0
DA:58,0
FN:62,SafeERC20.safePermit
FNDA:0,SafeERC20.safePermit
DA:72,0
DA:73,0
DA:74,0
DA:75,0
BRDA:75,2,0,-
BRDA:75,2,1,-
FN:84,SafeERC20._callOptionalReturn
FNDA:41,SafeERC20._callOptionalReturn
DA:89,41
DA:90,40
BRDA:90,3,0,-
BRDA:90,3,1,40
DA:92,40
BRDA:92,4,0,-
BRDA:92,4,1,40
FNF:7
FNH:4
LF:17
LH:7
BRF:10
BRH:3
end_of_record
TN:
SF:src/libraries/SafeETH.sol
FN:6,SafeETH.safeTransferETH
FNDA:0,SafeETH.safeTransferETH
DA:7,0
DA:8,0
BRDA:8,0,0,-
BRDA:8,0,1,-
FNF:1
FNH:0
LF:2
LH:0
BRF:2
BRH:0
end_of_record
TN:
SF:src/libraries/SignedMath.sol
FN:13,SignedMath.max
FNDA:0,SignedMath.max
DA:14,0
FN:20,SignedMath.min
FNDA:0,SignedMath.min
DA:21,0
FN:28,SignedMath.average
FNDA:0,SignedMath.average
DA:30,0
DA:31,0
FN:37,SignedMath.abs
FNDA:0,SignedMath.abs
DA:40,0
FNF:4
FNH:0
LF:5
LH:0
BRF:0
BRH:0
end_of_record
TN:
SF:src/libraries/Strings.sol
FN:19,Strings.toString
FNDA:0,Strings.toString
DA:21,0
DA:22,0
DA:23,0
DA:26,0
DA:29,0
DA:34,0
DA:35,0
BRDA:35,0,0,-
BRDA:35,0,1,-
DA:37,0
FN:44,Strings.toString
FNDA:0,Strings.toString
DA:45,0
FN:51,Strings.toHexString
FNDA:0,Strings.toHexString
DA:53,0
FN:60,Strings.toHexString
FNDA:0,Strings.toHexString
DA:61,0
DA:62,0
DA:63,0
DA:64,0
DA:65,0
DA:66,0
DA:68,0
BRDA:68,1,0,-
BRDA:68,1,1,-
DA:69,0
FN:75,Strings.toHexString
FNDA:0,Strings.toHexString
DA:76,0
FN:82,Strings.equal
FNDA:0,Strings.equal
DA:83,0
FNF:6
FNH:0
LF:20
LH:0
BRF:4
BRH:0
end_of_record
TN:
SF:src/sHYDT.sol
FN:36,sHYDT.initialize
FNDA:43,sHYDT.initialize
DA:37,43
BRDA:37,0,0,1
BRDA:37,0,1,42
DA:41,42
BRDA:41,1,0,1
BRDA:41,1,1,41
DA:42,41
DA:44,41
DA:46,41
FN:58,sHYDT.mint
FNDA:23,sHYDT.mint
DA:59,22
DA:60,22
FN:70,sHYDT.burn
FNDA:3,sHYDT.burn
DA:71,3
DA:72,3
DA:73,3
FN:95,sHYDT.burnFrom
FNDA:1,sHYDT.burnFrom
DA:96,1
DA:97,1
DA:98,1
DA:99,1
FNF:4
FNH:4
LF:14
LH:14
BRF:4
BRH:4
end_of_record
TN:
SF:src/utils/AccessControl.sol
FN:77,AccessControl.supportsInterface
FNDA:0,AccessControl.supportsInterface
DA:78,0
FN:84,AccessControl.hasRole
FNDA:50,AccessControl.hasRole
DA:85,1390
FN:96,AccessControl._checkRole
FNDA:335,AccessControl._checkRole
DA:97,335
FN:107,AccessControl._checkRole
FNDA:335,AccessControl._checkRole
DA:108,335
BRDA:108,0,0,263
BRDA:108,0,1,72
DA:109,263
FN:128,AccessControl.getRoleAdmin
FNDA:0,AccessControl.getRoleAdmin
DA:129,3
FN:144,AccessControl.grantRole
FNDA:2,AccessControl.grantRole
DA:145,2
FN:159,AccessControl.revokeRole
FNDA:1,AccessControl.revokeRole
DA:160,1
FN:179,AccessControl.renounceRole
FNDA:0,AccessControl.renounceRole
DA:180,0
BRDA:180,1,0,-
BRDA:180,1,1,-
DA:182,0
FN:205,AccessControl._setupRole
FNDA:0,AccessControl._setupRole
DA:206,0
FN:214,AccessControl._setRoleAdmin
FNDA:0,AccessControl._setRoleAdmin
DA:215,0
DA:216,0
DA:217,0
FN:227,AccessControl._grantRole
FNDA:1004,AccessControl._grantRole
DA:228,1004
BRDA:228,2,0,1004
BRDA:228,2,1,1004
DA:229,1004
DA:230,1004
FN:241,AccessControl._revokeRole
FNDA:1,AccessControl._revokeRole
DA:242,1
BRDA:242,3,0,1
BRDA:242,3,1,1
DA:243,1
DA:244,1
FNF:12
FNH:7
LF:20
LH:13
BRF:8
BRH:6
end_of_record
TN:
SF:src/utils/Context.sol
FN:17,Context._msgSender
FNDA:2591,Context._msgSender
DA:18,2591
FN:21,Context._msgData
FNDA:0,Context._msgData
DA:22,0
FNF:2
FNH:1
LF:2
LH:1
BRF:0
BRH:0
end_of_record
TN:
SF:src/utils/EIP712.sol
FN:70,EIP712._domainSeparatorV4
FNDA:0,EIP712._domainSeparatorV4
DA:71,0
BRDA:71,0,0,-
BRDA:71,0,1,-
DA:72,0
DA:74,0
FN:78,EIP712._buildDomainSeparator
FNDA:0,EIP712._buildDomainSeparator
DA:83,0
FN:101,EIP712._hashTypedDataV4
FNDA:0,EIP712._hashTypedDataV4
DA:102,0
FNF:3
FNH:0
LF:5
LH:0
BRF:2
BRH:0
end_of_record
TN:
SF:src/utils/ERC165.sol
FN:26,ERC165.supportsInterface
FNDA:0,ERC165.supportsInterface
DA:27,0
FNF:1
FNH:0
LF:1
LH:0
BRF:0
BRH:0
end_of_record
TN:
SF:src/utils/ERC20Permit.sol
FN:49,ERC20Permit.permit
FNDA:0,ERC20Permit.permit
DA:58,0
BRDA:58,0,0,-
BRDA:58,0,1,-
DA:60,0
DA:62,0
DA:64,0
DA:65,0
BRDA:65,1,0,-
BRDA:65,1,1,-
DA:67,0
FN:73,ERC20Permit.nonces
FNDA:0,ERC20Permit.nonces
DA:74,0
FN:81,ERC20Permit.DOMAIN_SEPARATOR
FNDA:0,ERC20Permit.DOMAIN_SEPARATOR
DA:82,0
FN:90,ERC20Permit._useNonce
FNDA:0,ERC20Permit._useNonce
DA:91,0
DA:92,0
DA:93,0
FNF:4
FNH:0
LF:11
LH:0
BRF:4
BRH:0
end_of_record
TN:
SF:src/utils/OpsReady.sol
FN:26,OpsReady._transfer
FNDA:0,OpsReady._transfer
DA:27,0
BRDA:27,0,0,-
BRDA:27,0,1,-
DA:28,0
DA:30,0
BRDA:30,1,0,-
BRDA:30,1,1,-
DA:32,0
FN:36,OpsReady._getFeeDetails
FNDA:0,OpsReady._getFeeDetails
DA:37,0
FNF:2
FNH:0
LF:5
LH:0
BRF:4
BRH:0
end_of_record
