TN:
SF:src/Control.sol
FN:169,Control.updateOpsReadyState
FNDA:0,Control.updateOpsReadyState
DA:170,0
BRDA:170,0,0,-
BRDA:170,0,1,-
DA:171,0
DA:173,0
FN:182,Control.delegateApprove
FNDA:0,Control.delegateApprove
DA:183,0
FN:186,Control._delegateApprove
FNDA:0,Control._delegateApprove
DA:187,0
DA:189,0
BRDA:189,1,0,-
BRDA:189,1,1,-
DA:190,0
BRDA:190,2,0,-
BRDA:190,2,1,-
DA:191,0
DA:192,0
DA:194,0
DA:195,0
DA:197,0
BRDA:197,3,0,-
BRDA:197,3,1,-
DA:198,0
DA:199,0
FN:209,Control.getInitialMints
FNDA:0,Control.getInitialMints
DA:210,0
DA:211,0
DA:212,0
FN:221,Control.getDailyInitialMints
FNDA:0,Control.getDailyInitialMints
DA:222,0
DA:223,0
DA:224,0
DA:226,0
BRDA:226,4,0,-
BRDA:226,4,1,-
DA:227,0
DA:228,0
DA:229,0
DA:230,0
FN:237,Control.getCurrentPrice
FNDA:0,Control.getCurrentPrice
DA:238,0
DA:239,0
DA:240,0
DA:241,0
DA:242,0
DA:243,0
DA:244,0
FN:250,Control.initialMint
FNDA:0,Control.initialMint
DA:251,0
BRDA:251,5,0,-
BRDA:251,5,1,-
DA:252,0
DA:253,0
DA:255,0
BRDA:255,6,0,-
BRDA:255,6,1,-
DA:256,0
BRDA:256,7,0,-
BRDA:256,7,1,-
DA:258,0
BRDA:258,8,0,-
BRDA:258,8,1,-
DA:259,0
DA:260,0
DA:261,0
DA:262,0
DA:264,0
DA:266,0
BRDA:266,9,0,-
BRDA:266,9,1,-
DA:271,0
BRDA:271,10,0,-
BRDA:271,10,1,-
DA:276,0
DA:277,0
DA:278,0
DA:279,0
DA:281,0
FN:288,Control.execute
FNDA:0,Control.execute
DA:289,0
DA:291,0
BRDA:291,11,0,-
BRDA:291,11,1,-
DA:292,0
DA:293,0
BRDA:293,12,0,-
BRDA:293,12,1,-
DA:294,0
DA:297,0
BRDA:297,13,0,-
BRDA:297,13,1,-
DA:298,0
DA:299,0
DA:300,0
FN:304,Control._mint
FNDA:0,Control._mint
DA:305,0
BRDA:305,14,0,-
BRDA:305,14,1,-
DA:306,0
DA:308,0
DA:309,0
DA:317,0
DA:318,0
DA:319,0
DA:320,0
DA:322,0
DA:323,0
DA:324,0
DA:325,0
DA:326,0
DA:330,0
DA:338,0
DA:339,0
DA:340,0
DA:341,0
DA:342,0
DA:343,0
DA:345,0
DA:347,0
FN:350,Control._redeem
FNDA:0,Control._redeem
DA:351,0
DA:352,0
BRDA:352,15,0,-
BRDA:352,15,1,-
DA:353,0
DA:355,0
DA:356,0
DA:367,0
DA:368,0
DA:369,0
DA:370,0
DA:371,0
DA:373,0
DA:374,0
DA:375,0
DA:376,0
DA:377,0
DA:381,0
DA:387,0
DA:388,0
DA:392,0
DA:393,0
DA:394,0
DA:395,0
DA:397,0
DA:399,0
FNF:10
FNH:0
LF:105
LH:0
BRF:32
BRH:0
end_of_record
TN:
SF:src/Earn.sol
FN:122,Earn.initialize
FNDA:30,Earn.initialize
DA:123,30
BRDA:123,0,0,1
BRDA:123,0,1,29
DA:127,29
BRDA:127,1,0,1
BRDA:127,1,1,28
DA:128,28
BRDA:128,2,0,1
BRDA:128,2,1,27
DA:129,27
BRDA:129,3,0,1
BRDA:129,3,1,26
DA:130,26
BRDA:130,4,0,1
BRDA:130,4,1,25
DA:131,25
DA:133,25
DA:135,25
DA:136,25
DA:137,25
DA:138,25
DA:140,25
DA:141,25
DA:142,25
DA:144,25
DA:148,25
DA:149,25
DA:150,25
DA:154,25
BRDA:154,5,0,25
BRDA:154,5,1,25
DA:155,25
DA:156,25
DA:157,25
DA:160,25
FN:184,Earn.poolLength
FNDA:2,Earn.poolLength
DA:185,2
FN:188,Earn._addPool
FNDA:75,Earn._addPool
DA:189,75
DA:190,75
DA:191,75
DA:194,75
DA:195,75
FN:206,Earn.updateAllocationWithUpdate
FNDA:2,Earn.updateAllocationWithUpdate
DA:207,1
DA:208,1
DA:209,1
DA:210,1
DA:212,1
FN:220,Earn.massUpdatePools
FNDA:1,Earn.massUpdatePools
DA:221,2
DA:223,2
DA:224,6
FN:232,Earn.updatePool
FNDA:6,Earn.updatePool
DA:233,45
DA:234,45
BRDA:234,6,0,30
BRDA:234,6,1,15
DA:235,30
DA:237,15
DA:238,15
BRDA:238,7,0,6
BRDA:238,7,1,9
DA:239,6
DA:240,6
DA:241,6
DA:243,9
DA:244,9
DA:245,9
DA:246,9
DA:248,9
DA:249,9
DA:250,9
DA:251,9
DA:252,9
FN:255,Earn.binarySearchShare
FNDA:16,Earn.binarySearchShare
DA:256,16
DA:257,16
DA:258,16
DA:259,16
BRDA:259,8,0,-
BRDA:259,8,1,7
DA:260,7
DA:261,9
BRDA:261,9,0,-
BRDA:261,9,1,8
DA:262,8
DA:264,1
DA:265,1
DA:267,3
DA:268,2
DA:270,2
BRDA:270,10,0,1
BRDA:270,10,1,1
DA:271,1
DA:272,1
BRDA:272,11,0,-
BRDA:272,11,1,-
DA:273,0
DA:275,1
DA:278,1
FN:284,Earn.getPendingBatch
FNDA:1,Earn.getPendingBatch
DA:285,1
DA:287,1
DA:288,2
DA:290,1
FN:296,Earn.getPendingType
FNDA:2,Earn.getPendingType
DA:297,2
DA:299,2
DA:300,3
BRDA:300,12,0,3
BRDA:300,12,1,3
DA:301,3
DA:304,2
FN:311,Earn.getPending
FNDA:5,Earn.getPending
DA:312,19
DA:313,19
DA:314,19
DA:316,19
BRDA:316,13,0,-
BRDA:316,13,1,7
DA:317,19
BRDA:317,14,0,16
BRDA:317,14,1,19
DA:318,16
DA:319,16
DA:320,16
DA:321,16
DA:323,19
BRDA:323,15,0,-
BRDA:323,15,1,7
DA:324,7
DA:325,7
DA:327,7
DA:329,7
DA:331,19
DA:335,19
FN:341,Earn.getDailyPayoutBatch
FNDA:0,Earn.getDailyPayoutBatch
DA:342,0
DA:344,0
DA:345,0
DA:347,0
BRDA:347,16,0,-
BRDA:347,16,1,-
DA:348,0
BRDA:348,17,0,-
BRDA:348,17,1,-
DA:349,0
DA:350,0
DA:351,0
DA:355,0
FN:361,Earn.getPayoutBatch
FNDA:0,Earn.getPayoutBatch
DA:362,0
DA:364,0
DA:365,0
DA:367,0
FN:373,Earn.getPayoutType
FNDA:2,Earn.getPayoutType
DA:374,2
DA:376,2
DA:377,2
BRDA:377,18,0,2
BRDA:377,18,1,2
DA:378,2
DA:381,2
FN:387,Earn.getPayout
FNDA:3,Earn.getPayout
DA:388,14
DA:389,14
DA:391,14
BRDA:391,19,0,-
BRDA:391,19,1,11
DA:393,13
DA:394,13
DA:397,13
BRDA:397,20,0,-
BRDA:397,20,1,11
DA:398,11
DA:399,11
DA:400,11
DA:403,14
FN:409,Earn.stake
FNDA:27,Earn.stake
DA:410,27
BRDA:410,21,0,1
BRDA:410,21,1,26
DA:411,26
BRDA:411,22,0,1
BRDA:411,22,1,25
DA:412,25
DA:413,25
DA:414,25
DA:415,24
DA:416,24
DA:418,24
DA:419,24
DA:420,24
DA:422,24
DA:423,24
DA:424,24
DA:425,24
DA:426,24
DA:427,24
DA:428,24
DA:429,24
DA:430,24
DA:432,24
DA:433,24
DA:436,24
FN:442,Earn.claimPayout
FNDA:10,Earn.claimPayout
DA:443,10
DA:444,10
DA:446,10
BRDA:446,23,0,1
BRDA:446,23,1,9
DA:447,9
DA:448,9
DA:450,9
DA:452,9
BRDA:452,24,0,2
BRDA:452,24,1,-
DA:453,3
BRDA:453,25,0,1
BRDA:453,25,1,2
DA:454,2
DA:455,2
DA:456,2
DA:458,2
DA:460,2
DA:462,6
DA:463,6
DA:464,6
DA:465,6
DA:467,6
DA:468,6
DA:470,6
DA:473,8
BRDA:473,26,0,-
BRDA:473,26,1,7
DA:474,7
DA:476,8
BRDA:476,27,0,-
BRDA:476,27,1,7
DA:477,7
FNF:16
FNH:14
LF:170
LH:156
BRF:56
BRH:41
end_of_record
TN:
SF:src/Farm.sol
FN:78,Farm.initialize
FNDA:0,Farm.initialize
DA:79,0
BRDA:79,0,0,-
BRDA:79,0,1,-
DA:83,0
BRDA:83,1,0,-
BRDA:83,1,1,-
DA:86,0
DA:88,0
DA:90,0
DA:92,0
DA:94,0
DA:95,0
DA:96,0
DA:97,0
DA:101,0
BRDA:101,2,0,-
BRDA:101,2,1,-
DA:102,0
DA:103,0
DA:104,0
DA:107,0
FN:130,Farm.poolLength
FNDA:0,Farm.poolLength
DA:131,0
FN:144,Farm.addPool
FNDA:0,Farm.addPool
DA:145,0
BRDA:145,3,0,-
BRDA:145,3,1,-
DA:146,0
DA:148,0
DA:149,0
DA:150,0
FN:153,Farm._addPool
FNDA:0,Farm._addPool
DA:154,0
DA:155,0
DA:156,0
DA:157,0
DA:159,0
DA:161,0
FN:170,Farm.updateAllocation
FNDA:0,Farm.updateAllocation
DA:171,0
BRDA:171,4,0,-
BRDA:171,4,1,-
DA:172,0
DA:174,0
DA:175,0
DA:176,0
DA:178,0
FN:186,Farm.massUpdatePools
FNDA:0,Farm.massUpdatePools
DA:187,0
DA:189,0
DA:190,0
FN:199,Farm.getPendingBatch
FNDA:0,Farm.getPendingBatch
DA:200,0
DA:202,0
DA:203,0
DA:205,0
FN:211,Farm.getPending
FNDA:0,Farm.getPending
DA:212,0
DA:213,0
DA:214,0
DA:215,0
DA:217,0
BRDA:217,5,0,-
BRDA:217,5,1,-
DA:218,0
DA:219,0
DA:220,0
DA:222,0
DA:223,0
FN:234,Farm.updatePool
FNDA:0,Farm.updatePool
DA:235,0
DA:237,0
BRDA:237,6,0,-
BRDA:237,6,1,-
DA:238,0
DA:240,0
DA:242,0
BRDA:242,7,0,-
BRDA:242,7,1,-
DA:243,0
DA:244,0
DA:246,0
DA:247,0
DA:248,0
DA:249,0
FN:252,Farm.deposit
FNDA:0,Farm.deposit
DA:253,0
DA:254,0
DA:255,0
DA:257,0
BRDA:257,8,0,-
BRDA:257,8,1,-
DA:258,0
DA:260,0
BRDA:260,9,0,-
BRDA:260,9,1,-
DA:261,0
DA:264,0
BRDA:264,10,0,-
BRDA:264,10,1,-
DA:265,0
DA:266,0
DA:268,0
DA:270,0
FN:276,Farm.withdraw
FNDA:0,Farm.withdraw
DA:277,0
DA:278,0
DA:279,0
BRDA:279,11,0,-
BRDA:279,11,1,-
DA:280,0
DA:281,0
DA:283,0
BRDA:283,12,0,-
BRDA:283,12,1,-
DA:284,0
DA:286,0
BRDA:286,13,0,-
BRDA:286,13,1,-
DA:287,0
DA:288,0
DA:290,0
DA:292,0
FN:300,Farm.emergencyWithdraw
FNDA:0,Farm.emergencyWithdraw
DA:301,0
DA:302,0
DA:303,0
DA:305,0
DA:307,0
DA:308,0
FNF:12
FNH:0
LF:91
LH:0
BRF:28
BRH:0
end_of_record
TN:
SF:src/HYDT.sol
FN:46,HYDT.initialize
FNDA:30,HYDT.initialize
DA:47,30
BRDA:47,0,0,1
BRDA:47,0,1,29
DA:51,29
BRDA:51,1,0,1
BRDA:51,1,1,28
DA:52,28
BRDA:52,2,0,1
BRDA:52,2,1,27
DA:53,27
DA:54,27
DA:56,27
DA:57,27
FN:75,HYDT.mint
FNDA:12,HYDT.mint
DA:76,11
DA:77,11
FN:83,HYDT.burn
FNDA:1,HYDT.burn
DA:84,1
DA:85,1
DA:86,1
FN:107,HYDT.burnFrom
FNDA:26,HYDT.burnFrom
DA:108,25
DA:109,25
DA:110,25
DA:111,25
FNF:4
FNH:4
LF:16
LH:16
BRF:6
BRH:6
end_of_record
TN:
SF:src/HYGT.sol
FN:102,HYGT.initialize
FNDA:42,HYGT.initialize
DA:103,42
BRDA:103,0,0,1
BRDA:103,0,1,41
DA:107,41
BRDA:107,1,0,1
BRDA:107,1,1,40
DA:108,40
BRDA:108,2,0,1
BRDA:108,2,1,39
DA:109,39
DA:110,39
DA:111,39
DA:112,39
DA:114,39
FN:128,HYGT.maxSupply
FNDA:2,HYGT.maxSupply
DA:129,2
FN:136,HYGT.getCurrentVotes
FNDA:8,HYGT.getCurrentVotes
DA:137,8
DA:138,8
FN:147,HYGT.getPriorVotes
FNDA:6,HYGT.getPriorVotes
DA:148,6
BRDA:148,3,0,-
BRDA:148,3,1,6
DA:149,6
DA:150,6
BRDA:150,4,0,1
BRDA:150,4,1,5
DA:151,1
DA:154,5
BRDA:154,5,0,2
BRDA:154,5,1,3
DA:155,2
DA:158,3
BRDA:158,6,0,1
BRDA:158,6,1,2
DA:159,1
DA:162,2
DA:163,2
DA:164,5
DA:165,4
DA:166,4
DA:168,4
BRDA:168,7,0,1
BRDA:168,7,1,3
DA:169,1
DA:170,3
BRDA:170,8,0,2
BRDA:170,8,1,1
DA:171,2
DA:173,1
DA:176,1
FN:182,HYGT.unlock
FNDA:4,HYGT.unlock
DA:183,3
DA:185,3
BRDA:185,9,0,-
BRDA:185,9,1,3
DA:186,3
DA:187,3
DA:188,3
DA:189,3
DA:191,3
BRDA:191,10,0,1
BRDA:191,10,1,2
DA:192,2
DA:194,2
BRDA:194,11,0,2
BRDA:194,11,1,2
DA:195,2
DA:197,2
DA:198,2
DA:199,2
DA:201,2
BRDA:201,12,0,1
BRDA:201,12,1,2
DA:202,1
DA:205,2
FN:216,HYGT.mint
FNDA:26,HYGT.mint
DA:217,25
DA:218,25
DA:220,25
BRDA:220,13,0,1
BRDA:220,13,1,24
DA:221,24
DA:222,24
FN:228,HYGT.burn
FNDA:1,HYGT.burn
DA:229,1
DA:230,1
DA:231,1
FN:252,HYGT.burnFrom
FNDA:2,HYGT.burnFrom
DA:253,1
DA:254,1
DA:255,1
DA:256,1
FN:263,HYGT.delegate
FNDA:16,HYGT.delegate
DA:264,16
FN:267,HYGT._delegate
FNDA:16,HYGT._delegate
DA:268,16
DA:269,16
DA:270,16
DA:272,16
DA:274,16
FN:277,HYGT._beforeTokenTransfer
FNDA:69,HYGT._beforeTokenTransfer
DA:283,69
FN:286,HYGT._moveDelegates
FNDA:85,HYGT._moveDelegates
DA:291,85
BRDA:291,14,0,8
BRDA:291,14,1,9
DA:292,18
BRDA:292,15,0,-
BRDA:292,15,1,2
DA:293,2
DA:294,2
DA:295,2
DA:296,2
DA:298,18
BRDA:298,16,0,8
BRDA:298,16,1,9
DA:299,17
DA:300,17
DA:301,17
DA:302,17
FN:307,HYGT._writeCheckpoint
FNDA:19,HYGT._writeCheckpoint
DA:313,19
BRDA:313,17,0,1
BRDA:313,17,1,18
DA:314,1
DA:315,1
DA:317,18
DA:318,18
DA:321,19
FNF:13
FNH:13
LF:82
LH:82
BRF:36
BRH:33
end_of_record
TN:
SF:src/Reserve.sol
FN:47,Reserve.initialize
FNDA:21,Reserve.initialize
DA:48,21
BRDA:48,0,0,-
BRDA:48,0,1,21
DA:52,21
BRDA:52,1,0,-
BRDA:52,1,1,21
DA:53,21
DA:55,21
DA:56,21
DA:57,21
DA:58,21
DA:59,21
FN:74,Reserve.withdraw
FNDA:0,Reserve.withdraw
DA:75,0
DA:76,0
DA:77,0
DA:79,0
FNF:2
FNH:1
LF:12
LH:8
BRF:4
BRH:2
end_of_record
TN:
SF:src/WBNB.sol
FN:117,Context._msgSender
FNDA:0,Context._msgSender
DA:118,0
FN:121,Context._msgData
FNDA:0,Context._msgData
DA:123,0
FN:373,WBNB.getOwner
FNDA:0,WBNB.getOwner
DA:374,0
FN:380,WBNB.decimals
FNDA:0,WBNB.decimals
DA:381,0
FN:387,WBNB.symbol
FNDA:0,WBNB.symbol
DA:388,0
FN:394,WBNB.name
FNDA:0,WBNB.name
DA:395,0
FN:401,WBNB.totalSupply
FNDA:0,WBNB.totalSupply
DA:402,0
FN:408,WBNB.balanceOf
FNDA:0,WBNB.balanceOf
DA:409,0
FN:420,WBNB.transfer
FNDA:0,WBNB.transfer
DA:421,0
DA:422,0
FN:428,WBNB.allowance
FNDA:0,WBNB.allowance
DA:429,0
FN:439,WBNB.approve
FNDA:0,WBNB.approve
DA:440,0
DA:441,0
FN:456,WBNB.transferFrom
FNDA:0,WBNB.transferFrom
DA:457,0
DA:458,0
DA:459,0
FN:474,WBNB.increaseAllowance
FNDA:0,WBNB.increaseAllowance
DA:475,0
DA:476,0
FN:493,WBNB.decreaseAllowance
FNDA:0,WBNB.decreaseAllowance
DA:494,0
DA:495,0
FN:506,WBNB.mint
FNDA:0,WBNB.mint
DA:507,0
DA:508,0
FN:514,WBNB.burn
FNDA:0,WBNB.burn
DA:515,0
DA:516,0
FN:533,WBNB._transfer
FNDA:0,WBNB._transfer
DA:534,0
BRDA:534,0,0,-
BRDA:534,0,1,-
DA:535,0
BRDA:535,1,0,-
BRDA:535,1,1,-
DA:537,0
DA:538,0
DA:539,0
FN:551,WBNB._mint
FNDA:0,WBNB._mint
DA:552,0
BRDA:552,2,0,-
BRDA:552,2,1,-
DA:554,0
DA:555,0
DA:556,0
FN:570,WBNB._burn
FNDA:0,WBNB._burn
DA:571,0
BRDA:571,3,0,-
BRDA:571,3,1,-
DA:573,0
DA:574,0
DA:575,0
FN:591,WBNB._approve
FNDA:0,WBNB._approve
DA:592,0
BRDA:592,4,0,-
BRDA:592,4,1,-
DA:593,0
BRDA:593,5,0,-
BRDA:593,5,1,-
DA:595,0
DA:596,0
FN:605,WBNB._burnFrom
FNDA:0,WBNB._burnFrom
DA:606,0
DA:607,0
FN:150,SafeMath.add
FNDA:0,SafeMath.add
DA:151,0
DA:152,0
BRDA:152,0,0,-
BRDA:152,0,1,-
DA:154,0
FN:166,SafeMath.sub
FNDA:0,SafeMath.sub
DA:167,0
FN:179,SafeMath.sub
FNDA:0,SafeMath.sub
DA:180,0
BRDA:180,1,0,-
BRDA:180,1,1,-
DA:181,0
DA:183,0
FN:195,SafeMath.mul
FNDA:0,SafeMath.mul
DA:199,0
BRDA:199,2,0,-
BRDA:199,2,1,-
DA:200,0
DA:203,0
DA:204,0
BRDA:204,3,0,-
BRDA:204,3,1,-
DA:206,0
FN:220,SafeMath.div
FNDA:0,SafeMath.div
DA:221,0
FN:235,SafeMath.div
FNDA:0,SafeMath.div
DA:237,0
BRDA:237,4,0,-
BRDA:237,4,1,-
DA:238,0
DA:241,0
FN:255,SafeMath.mod
FNDA:0,SafeMath.mod
DA:256,0
FN:270,SafeMath.mod
FNDA:0,SafeMath.mod
DA:271,0
BRDA:271,5,0,-
BRDA:271,5,1,-
DA:272,0
FN:305,Ownable.owner
FNDA:0,Ownable.owner
DA:306,0
FN:324,Ownable.renounceOwnership
FNDA:0,Ownable.renounceOwnership
DA:325,0
DA:326,0
FN:333,Ownable.transferOwnership
FNDA:0,Ownable.transferOwnership
DA:334,0
FN:340,Ownable._transferOwnership
FNDA:0,Ownable._transferOwnership
DA:341,0
BRDA:341,0,0,-
BRDA:341,0,1,-
DA:342,0
DA:343,0
FNF:33
FNH:0
LF:69
LH:0
BRF:26
BRH:0
end_of_record
TN:
SF:src/extensions/ERC20.sol
FN:62,ERC20.name
FNDA:0,ERC20.name
DA:63,0
FN:70,ERC20.symbol
FNDA:0,ERC20.symbol
DA:71,0
FN:87,ERC20.decimals
FNDA:0,ERC20.decimals
DA:88,0
FN:94,ERC20.totalSupply
FNDA:0,ERC20.totalSupply
DA:95,0
FN:101,ERC20.balanceOf
FNDA:29,ERC20.balanceOf
DA:102,45
FN:113,ERC20.transfer
FNDA:7,ERC20.transfer
DA:114,7
DA:115,7
DA:116,7
FN:122,ERC20.allowance
FNDA:0,ERC20.allowance
DA:123,51
FN:136,ERC20.approve
FNDA:26,ERC20.approve
DA:137,26
DA:138,26
DA:139,26
FN:158,ERC20.transferFrom
FNDA:25,ERC20.transferFrom
DA:159,25
DA:160,25
DA:161,24
DA:162,24
FN:177,ERC20.increaseAllowance
FNDA:0,ERC20.increaseAllowance
DA:178,0
DA:179,0
DA:180,0
FN:197,ERC20.decreaseAllowance
FNDA:0,ERC20.decreaseAllowance
DA:198,0
DA:199,0
DA:200,0
BRDA:200,0,0,-
BRDA:200,0,1,-
DA:202,0
DA:205,0
FN:222,ERC20._transfer
FNDA:31,ERC20._transfer
DA:223,31
BRDA:223,1,0,-
BRDA:223,1,1,31
DA:224,31
BRDA:224,2,0,-
BRDA:224,2,1,31
DA:226,31
DA:228,31
DA:229,31
BRDA:229,3,0,-
BRDA:229,3,1,31
DA:231,31
DA:234,31
DA:237,31
DA:239,31
FN:251,ERC20._mint
FNDA:100,ERC20._mint
DA:252,100
BRDA:252,4,0,-
BRDA:252,4,1,100
DA:254,100
DA:256,100
DA:259,100
DA:261,100
DA:263,100
FN:277,ERC20._burn
FNDA:34,ERC20._burn
DA:278,34
BRDA:278,5,0,-
BRDA:278,5,1,34
DA:280,34
DA:282,34
DA:283,34
BRDA:283,6,0,-
BRDA:283,6,1,34
DA:285,34
DA:287,34
DA:290,34
DA:292,34
FN:308,ERC20._approve
FNDA:76,ERC20._approve
DA:309,76
BRDA:309,7,0,-
BRDA:309,7,1,76
DA:310,76
BRDA:310,8,0,-
BRDA:310,8,1,76
DA:312,76
DA:313,76
FN:324,ERC20._spendAllowance
FNDA:51,ERC20._spendAllowance
DA:325,51
DA:326,51
BRDA:326,9,0,1
BRDA:326,9,1,50
DA:327,51
BRDA:327,10,0,1
BRDA:327,10,1,50
DA:329,50
FN:348,ERC20._beforeTokenTransfer
FNDA:96,ERC20._beforeTokenTransfer
FN:364,ERC20._afterTokenTransfer
FNDA:165,ERC20._afterTokenTransfer
FNF:18
FNH:11
LF:55
LH:43
BRF:22
BRH:12
end_of_record
TN:
SF:src/extensions/USDT.sol
FN:373,USDT.getOwner
FNDA:0,USDT.getOwner
DA:374,0
FN:380,USDT.decimals
FNDA:0,USDT.decimals
DA:381,0
FN:387,USDT.symbol
FNDA:0,USDT.symbol
DA:388,0
FN:394,USDT.name
FNDA:0,USDT.name
DA:395,0
FN:401,USDT.totalSupply
FNDA:0,USDT.totalSupply
DA:402,0
FN:408,USDT.balanceOf
FNDA:0,USDT.balanceOf
DA:409,0
FN:420,USDT.transfer
FNDA:0,USDT.transfer
DA:421,0
DA:422,0
FN:428,USDT.allowance
FNDA:0,USDT.allowance
DA:429,0
FN:439,USDT.approve
FNDA:0,USDT.approve
DA:440,0
DA:441,0
FN:456,USDT.transferFrom
FNDA:0,USDT.transferFrom
DA:457,0
DA:458,0
DA:459,0
FN:474,USDT.increaseAllowance
FNDA:0,USDT.increaseAllowance
DA:475,0
DA:476,0
FN:493,USDT.decreaseAllowance
FNDA:0,USDT.decreaseAllowance
DA:494,0
DA:495,0
FN:506,USDT.mint
FNDA:0,USDT.mint
DA:507,0
DA:508,0
FN:514,USDT.burn
FNDA:0,USDT.burn
DA:515,0
DA:516,0
FN:533,USDT._transfer
FNDA:0,USDT._transfer
DA:534,0
BRDA:534,0,0,-
BRDA:534,0,1,-
DA:535,0
BRDA:535,1,0,-
BRDA:535,1,1,-
DA:537,0
DA:538,0
DA:539,0
FN:551,USDT._mint
FNDA:0,USDT._mint
DA:552,0
BRDA:552,2,0,-
BRDA:552,2,1,-
DA:554,0
DA:555,0
DA:556,0
FN:570,USDT._burn
FNDA:0,USDT._burn
DA:571,0
BRDA:571,3,0,-
BRDA:571,3,1,-
DA:573,0
DA:574,0
DA:575,0
FN:591,USDT._approve
FNDA:0,USDT._approve
DA:592,0
BRDA:592,4,0,-
BRDA:592,4,1,-
DA:593,0
BRDA:593,5,0,-
BRDA:593,5,1,-
DA:595,0
DA:596,0
FN:605,USDT._burnFrom
FNDA:0,USDT._burnFrom
DA:606,0
DA:607,0
FN:305,Ownable.owner
FNDA:0,Ownable.owner
DA:306,0
FN:324,Ownable.renounceOwnership
FNDA:0,Ownable.renounceOwnership
DA:325,0
DA:326,0
FN:333,Ownable.transferOwnership
FNDA:0,Ownable.transferOwnership
DA:334,0
FN:340,Ownable._transferOwnership
FNDA:0,Ownable._transferOwnership
DA:341,0
BRDA:341,0,0,-
BRDA:341,0,1,-
DA:342,0
DA:343,0
FN:150,SafeMath.add
FNDA:0,SafeMath.add
DA:151,0
DA:152,0
BRDA:152,0,0,-
BRDA:152,0,1,-
DA:154,0
FN:166,SafeMath.sub
FNDA:0,SafeMath.sub
DA:167,0
FN:179,SafeMath.sub
FNDA:0,SafeMath.sub
DA:180,0
BRDA:180,1,0,-
BRDA:180,1,1,-
DA:181,0
DA:183,0
FN:195,SafeMath.mul
FNDA:0,SafeMath.mul
DA:199,0
BRDA:199,2,0,-
BRDA:199,2,1,-
DA:200,0
DA:203,0
DA:204,0
BRDA:204,3,0,-
BRDA:204,3,1,-
DA:206,0
FN:220,SafeMath.div
FNDA:0,SafeMath.div
DA:221,0
FN:235,SafeMath.div
FNDA:0,SafeMath.div
DA:237,0
BRDA:237,4,0,-
BRDA:237,4,1,-
DA:238,0
DA:241,0
FN:255,SafeMath.mod
FNDA:0,SafeMath.mod
DA:256,0
FN:270,SafeMath.mod
FNDA:0,SafeMath.mod
DA:271,0
BRDA:271,5,0,-
BRDA:271,5,1,-
DA:272,0
FN:117,Context._msgSender
FNDA:0,Context._msgSender
DA:118,0
FN:121,Context._msgData
FNDA:0,Context._msgData
DA:123,0
FNF:33
FNH:0
LF:69
LH:0
BRF:26
BRH:0
end_of_record
TN:
SF:src/extensions/WETH.sol
FN:20,WETH.deposit
FNDA:0,WETH.deposit
DA:21,0
DA:22,0
FN:24,WETH.withdraw
FNDA:0,WETH.withdraw
DA:25,0
BRDA:25,0,0,-
BRDA:25,0,1,-
DA:26,0
DA:27,0
DA:28,0
FN:31,WETH.totalSupply
FNDA:0,WETH.totalSupply
DA:32,0
FN:35,WETH.approve
FNDA:0,WETH.approve
DA:36,0
DA:37,0
DA:38,0
FN:41,WETH.transfer
FNDA:0,WETH.transfer
DA:42,0
FN:45,WETH.transferFrom
FNDA:0,WETH.transferFrom
DA:49,0
BRDA:49,1,0,-
BRDA:49,1,1,-
DA:51,0
BRDA:51,2,0,-
BRDA:51,2,1,-
DA:52,0
BRDA:52,3,0,-
BRDA:52,3,1,-
DA:53,0
DA:56,0
DA:57,0
DA:59,0
DA:61,0
FNF:6
FNH:0
LF:19
LH:0
BRF:8
BRH:0
end_of_record
TN:
SF:src/libraries/Address.sol
FN:40,Address.isContract
FNDA:0,Address.isContract
DA:45,0
FN:64,Address.sendValue
FNDA:0,Address.sendValue
DA:65,0
BRDA:65,0,0,-
BRDA:65,0,1,-
DA:67,0
DA:68,0
BRDA:68,1,0,-
BRDA:68,1,1,-
FN:89,Address.functionCall
FNDA:0,Address.functionCall
DA:90,0
FN:99,Address.functionCall
FNDA:0,Address.functionCall
DA:104,0
FN:118,Address.functionCallWithValue
FNDA:0,Address.functionCallWithValue
DA:119,0
FN:128,Address.functionCallWithValue
FNDA:0,Address.functionCallWithValue
DA:134,0
BRDA:134,2,0,-
BRDA:134,2,1,-
DA:135,0
DA:136,0
FN:145,Address.functionStaticCall
FNDA:0,Address.functionStaticCall
DA:146,0
FN:155,Address.functionStaticCall
FNDA:0,Address.functionStaticCall
DA:160,0
DA:161,0
FN:170,Address.functionDelegateCall
FNDA:0,Address.functionDelegateCall
DA:171,0
FN:180,Address.functionDelegateCall
FNDA:0,Address.functionDelegateCall
DA:185,0
DA:186,0
FN:195,Address.verifyCallResultFromTarget
FNDA:0,Address.verifyCallResultFromTarget
DA:201,0
BRDA:201,3,0,-
BRDA:201,3,1,-
DA:202,0
BRDA:202,4,0,-
BRDA:202,4,1,-
DA:205,0
BRDA:205,5,0,-
BRDA:205,5,1,-
DA:207,0
DA:209,0
FN:219,Address.verifyCallResult
FNDA:0,Address.verifyCallResult
DA:224,0
BRDA:224,6,0,-
BRDA:224,6,1,-
DA:225,0
DA:227,0
FN:231,Address._revert
FNDA:0,Address._revert
DA:233,0
BRDA:233,7,0,-
BRDA:233,7,1,-
DA:241,0
FNF:13
FNH:0
LF:26
LH:0
BRF:16
BRH:0
end_of_record
TN:
SF:src/libraries/Counters.sol
FN:22,Counters.current
FNDA:0,Counters.current
DA:23,0
FN:26,Counters.increment
FNDA:0,Counters.increment
DA:28,0
FN:32,Counters.decrement
FNDA:0,Counters.decrement
DA:33,0
DA:34,0
BRDA:34,0,0,-
BRDA:34,0,1,-
DA:36,0
FN:40,Counters.reset
FNDA:0,Counters.reset
DA:41,0
FNF:4
FNH:0
LF:6
LH:0
BRF:2
BRH:0
end_of_record
TN:
SF:src/libraries/DataFetcher.sol
FN:14,DataFetcher.pairFor
FNDA:0,DataFetcher.pairFor
DA:15,0
FN:18,DataFetcher.getReserves
FNDA:0,DataFetcher.getReserves
DA:19,0
DA:20,0
DA:21,0
DA:22,0
FN:25,DataFetcher.quote
FNDA:0,DataFetcher.quote
DA:26,0
DA:27,0
FN:30,DataFetcher.quoteBatch
FNDA:0,DataFetcher.quoteBatch
DA:31,0
BRDA:31,0,0,-
BRDA:31,0,1,-
DA:32,0
DA:33,0
DA:35,0
DA:36,0
FN:40,DataFetcher.quoteRouted
FNDA:0,DataFetcher.quoteRouted
DA:41,0
BRDA:41,1,0,-
BRDA:41,1,1,-
DA:42,0
DA:43,0
DA:45,0
DA:46,0
DA:47,0
DA:49,0
FNF:5
FNH:0
LF:19
LH:0
BRF:4
BRH:0
end_of_record
TN:
SF:src/libraries/ECDSA.sol
FN:23,ECDSA._throwError
FNDA:0,ECDSA._throwError
DA:24,0
BRDA:24,0,0,-
BRDA:24,0,1,-
DA:25,0
DA:26,0
BRDA:26,1,0,-
BRDA:26,1,1,-
DA:27,0
DA:28,0
BRDA:28,2,0,-
BRDA:28,2,1,-
DA:29,0
DA:30,0
BRDA:30,3,0,-
BRDA:30,3,1,-
DA:31,0
FN:55,ECDSA.tryRecover
FNDA:0,ECDSA.tryRecover
DA:56,0
BRDA:56,4,0,-
BRDA:56,4,1,-
DA:57,0
DA:58,0
DA:59,0
DA:64,0
DA:65,0
DA:66,0
DA:68,0
DA:70,0
FN:88,ECDSA.recover
FNDA:0,ECDSA.recover
DA:89,0
DA:90,0
DA:91,0
FN:101,ECDSA.tryRecover
FNDA:0,ECDSA.tryRecover
DA:102,0
DA:103,0
DA:104,0
FN:112,ECDSA.recover
FNDA:0,ECDSA.recover
DA:113,0
DA:114,0
DA:115,0
FN:124,ECDSA.tryRecover
FNDA:0,ECDSA.tryRecover
DA:134,0
BRDA:134,5,0,-
BRDA:134,5,1,-
DA:135,0
DA:139,0
DA:140,0
BRDA:140,6,0,-
BRDA:140,6,1,-
DA:141,0
DA:144,0
FN:151,ECDSA.recover
FNDA:0,ECDSA.recover
DA:152,0
DA:153,0
DA:154,0
FN:165,ECDSA.toEthSignedMessageHash
FNDA:0,ECDSA.toEthSignedMessageHash
DA:168,0
FN:179,ECDSA.toEthSignedMessageHash
FNDA:0,ECDSA.toEthSignedMessageHash
DA:180,0
FN:192,ECDSA.toTypedDataHash
FNDA:0,ECDSA.toTypedDataHash
DA:193,0
FNF:10
FNH:0
LF:38
LH:0
BRF:14
BRH:0
end_of_record
TN:
SF:src/libraries/Math.sol
FN:19,Math.max
FNDA:0,Math.max
DA:20,0
FN:26,Math.min
FNDA:0,Math.min
DA:27,0
FN:34,Math.average
FNDA:0,Math.average
DA:36,0
FN:45,Math.ceilDiv
FNDA:0,Math.ceilDiv
DA:47,0
FN:55,Math.mulDiv
FNDA:0,Math.mulDiv
DA:60,0
DA:61,0
DA:64,0
DA:65,0
DA:69,0
BRDA:69,0,0,-
BRDA:69,0,1,-
DA:70,0
DA:74,0
BRDA:74,1,0,-
BRDA:74,1,1,-
DA:81,0
DA:84,0
DA:87,0
DA:88,0
DA:95,0
DA:98,0
DA:101,0
DA:104,0
DA:108,0
DA:113,0
DA:117,0
DA:118,0
DA:119,0
DA:120,0
DA:121,0
DA:122,0
DA:128,0
DA:129,0
FN:136,Math.mulDiv
FNDA:0,Math.mulDiv
DA:137,0
DA:138,0
BRDA:138,2,0,-
BRDA:138,2,1,-
DA:139,0
DA:141,0
FN:149,Math.sqrt
FNDA:0,Math.sqrt
DA:150,0
BRDA:150,3,0,-
BRDA:150,3,1,-
DA:151,0
DA:164,0
DA:171,0
DA:172,0
DA:173,0
DA:174,0
DA:175,0
DA:176,0
DA:177,0
DA:178,0
FN:185,Math.sqrt
FNDA:0,Math.sqrt
DA:187,0
DA:188,0
FN:196,Math.log2
FNDA:0,Math.log2
DA:197,0
DA:199,0
BRDA:199,4,0,-
BRDA:199,4,1,-
DA:200,0
DA:201,0
DA:203,0
BRDA:203,5,0,-
BRDA:203,5,1,-
DA:204,0
DA:205,0
DA:207,0
BRDA:207,6,0,-
BRDA:207,6,1,-
DA:208,0
DA:209,0
DA:211,0
BRDA:211,7,0,-
BRDA:211,7,1,-
DA:212,0
DA:213,0
DA:215,0
BRDA:215,8,0,-
BRDA:215,8,1,-
DA:216,0
DA:217,0
DA:219,0
BRDA:219,9,0,-
BRDA:219,9,1,-
DA:220,0
DA:221,0
DA:223,0
BRDA:223,10,0,-
BRDA:223,10,1,-
DA:224,0
DA:225,0
DA:227,0
BRDA:227,11,0,-
BRDA:227,11,1,-
DA:228,0
DA:231,0
FN:238,Math.log2
FNDA:0,Math.log2
DA:240,0
DA:241,0
FN:249,Math.log10
FNDA:0,Math.log10
DA:250,0
DA:252,0
BRDA:252,12,0,-
BRDA:252,12,1,-
DA:253,0
DA:254,0
DA:256,0
BRDA:256,13,0,-
BRDA:256,13,1,-
DA:257,0
DA:258,0
DA:260,0
BRDA:260,14,0,-
BRDA:260,14,1,-
DA:261,0
DA:262,0
DA:264,0
BRDA:264,15,0,-
BRDA:264,15,1,-
DA:265,0
DA:266,0
DA:268,0
BRDA:268,16,0,-
BRDA:268,16,1,-
DA:269,0
DA:270,0
DA:272,0
BRDA:272,17,0,-
BRDA:272,17,1,-
DA:273,0
DA:274,0
DA:276,0
BRDA:276,18,0,-
BRDA:276,18,1,-
DA:277,0
DA:280,0
FN:287,Math.log10
FNDA:0,Math.log10
DA:289,0
DA:290,0
FN:300,Math.log256
FNDA:0,Math.log256
DA:301,0
DA:303,0
BRDA:303,19,0,-
BRDA:303,19,1,-
DA:304,0
DA:305,0
DA:307,0
BRDA:307,20,0,-
BRDA:307,20,1,-
DA:308,0
DA:309,0
DA:311,0
BRDA:311,21,0,-
BRDA:311,21,1,-
DA:312,0
DA:313,0
DA:315,0
BRDA:315,22,0,-
BRDA:315,22,1,-
DA:316,0
DA:317,0
DA:319,0
BRDA:319,23,0,-
BRDA:319,23,1,-
DA:320,0
DA:323,0
FN:330,Math.log256
FNDA:0,Math.log256
DA:332,0
DA:333,0
FNF:14
FNH:0
LF:115
LH:0
BRF:48
BRH:0
end_of_record
TN:
SF:src/libraries/SafeERC20.sol
FN:22,SafeERC20.safeTransfer
FNDA:0,SafeERC20.safeTransfer
DA:23,0
FN:26,SafeERC20.safeTransferFrom
FNDA:25,SafeERC20.safeTransferFrom
DA:27,25
FN:37,SafeERC20.safeApprove
FNDA:0,SafeERC20.safeApprove
DA:41,0
BRDA:41,0,0,-
BRDA:41,0,1,-
DA:45,0
FN:48,SafeERC20.safeIncreaseAllowance
FNDA:0,SafeERC20.safeIncreaseAllowance
DA:49,0
DA:50,0
FN:53,SafeERC20.safeDecreaseAllowance
FNDA:0,SafeERC20.safeDecreaseAllowance
DA:55,0
DA:56,0
BRDA:56,1,0,-
BRDA:56,1,1,-
DA:57,0
DA:58,0
FN:62,SafeERC20.safePermit
FNDA:0,SafeERC20.safePermit
DA:72,0
DA:73,0
DA:74,0
DA:75,0
BRDA:75,2,0,-
BRDA:75,2,1,-
FN:84,SafeERC20._callOptionalReturn
FNDA:25,SafeERC20._callOptionalReturn
DA:89,25
DA:90,24
BRDA:90,3,0,-
BRDA:90,3,1,24
DA:92,24
BRDA:92,4,0,-
BRDA:92,4,1,24
FNF:7
FNH:2
LF:17
LH:4
BRF:10
BRH:2
end_of_record
TN:
SF:src/libraries/SafeETH.sol
FN:6,SafeETH.safeTransferETH
FNDA:0,SafeETH.safeTransferETH
DA:7,0
DA:8,0
BRDA:8,0,0,-
BRDA:8,0,1,-
FNF:1
FNH:0
LF:2
LH:0
BRF:2
BRH:0
end_of_record
TN:
SF:src/libraries/SignedMath.sol
FN:13,SignedMath.max
FNDA:0,SignedMath.max
DA:14,0
FN:20,SignedMath.min
FNDA:0,SignedMath.min
DA:21,0
FN:28,SignedMath.average
FNDA:0,SignedMath.average
DA:30,0
DA:31,0
FN:37,SignedMath.abs
FNDA:0,SignedMath.abs
DA:40,0
FNF:4
FNH:0
LF:5
LH:0
BRF:0
BRH:0
end_of_record
TN:
SF:src/libraries/Strings.sol
FN:19,Strings.toString
FNDA:0,Strings.toString
DA:21,0
DA:22,0
DA:23,0
DA:26,0
DA:29,0
DA:34,0
DA:35,0
BRDA:35,0,0,-
BRDA:35,0,1,-
DA:37,0
FN:44,Strings.toString
FNDA:0,Strings.toString
DA:45,0
FN:51,Strings.toHexString
FNDA:0,Strings.toHexString
DA:53,0
FN:60,Strings.toHexString
FNDA:0,Strings.toHexString
DA:61,0
DA:62,0
DA:63,0
DA:64,0
DA:65,0
DA:66,0
DA:68,0
BRDA:68,1,0,-
BRDA:68,1,1,-
DA:69,0
FN:75,Strings.toHexString
FNDA:0,Strings.toHexString
DA:76,0
FN:82,Strings.equal
FNDA:0,Strings.equal
DA:83,0
FNF:6
FNH:0
LF:20
LH:0
BRF:4
BRH:0
end_of_record
TN:
SF:src/libraries/UQ112x112.sol
FN:11,UQ112x112.encode
FNDA:0,UQ112x112.encode
DA:12,0
FN:16,UQ112x112.uqdiv
FNDA:0,UQ112x112.uqdiv
DA:17,0
FNF:2
FNH:0
LF:2
LH:0
BRF:0
BRH:0
end_of_record
TN:
SF:src/router/TransferHelper.sol
FN:7,TransferHelper.safeApprove
FNDA:0,TransferHelper.safeApprove
DA:13,0
DA:14,0
BRDA:14,0,0,-
BRDA:14,0,1,-
FN:20,TransferHelper.safeTransfer
FNDA:0,TransferHelper.safeTransfer
DA:26,0
DA:27,0
BRDA:27,1,0,-
BRDA:27,1,1,-
FN:33,TransferHelper.safeTransferFrom
FNDA:0,TransferHelper.safeTransferFrom
DA:40,0
DA:41,0
BRDA:41,2,0,-
BRDA:41,2,1,-
FN:47,TransferHelper.safeTransferETH
FNDA:0,TransferHelper.safeTransferETH
DA:48,0
DA:49,0
BRDA:49,3,0,-
BRDA:49,3,1,-
FNF:4
FNH:0
LF:8
LH:0
BRF:8
BRH:0
end_of_record
TN:
SF:src/router/UniswapV2Migrator.sol
FN:24,UniswapV2Migrator.migrate
FNDA:0,UniswapV2Migrator.migrate
DA:28,0
DA:29,0
DA:30,0
BRDA:30,0,0,-
BRDA:30,0,1,-
DA:31,0
DA:32,0
DA:33,0
DA:41,0
BRDA:41,1,0,-
BRDA:41,1,1,-
DA:42,0
DA:43,0
DA:44,0
BRDA:44,2,0,-
BRDA:44,2,1,-
DA:46,0
FNF:1
FNH:0
LF:11
LH:0
BRF:6
BRH:0
end_of_record
TN:
SF:src/router/UniswapV2Router01.sol
FN:31,UniswapV2Router01._addLiquidity
FNDA:0,UniswapV2Router01._addLiquidity
DA:40,0
BRDA:40,0,0,-
BRDA:40,0,1,-
DA:41,0
DA:43,0
DA:44,0
BRDA:44,1,0,-
BRDA:44,1,1,-
DA:45,0
DA:47,0
DA:48,0
BRDA:48,2,0,-
BRDA:48,2,1,-
DA:49,0
BRDA:49,3,0,-
BRDA:49,3,1,-
DA:50,0
DA:52,0
DA:53,0
BRDA:53,4,0,-
BRDA:53,4,1,-
DA:54,0
BRDA:54,5,0,-
BRDA:54,5,1,-
DA:55,0
FN:59,UniswapV2Router01.addLiquidity
FNDA:0,UniswapV2Router01.addLiquidity
DA:69,0
DA:70,0
DA:71,0
DA:72,0
DA:73,0
FN:75,UniswapV2Router01.addLiquidityETH
FNDA:0,UniswapV2Router01.addLiquidityETH
DA:83,0
DA:91,0
DA:92,0
DA:93,0
DA:94,0
BRDA:94,6,0,-
BRDA:94,6,1,-
DA:95,0
DA:96,0
BRDA:96,7,0,-
BRDA:96,7,1,-
FN:100,UniswapV2Router01.removeLiquidity
FNDA:0,UniswapV2Router01.removeLiquidity
DA:109,0
DA:110,0
DA:111,0
DA:112,0
DA:113,0
DA:114,0
BRDA:114,8,0,-
BRDA:114,8,1,-
DA:115,0
BRDA:115,9,0,-
BRDA:115,9,1,-
FN:117,UniswapV2Router01.removeLiquidityETH
FNDA:0,UniswapV2Router01.removeLiquidityETH
DA:125,0
DA:134,0
DA:135,0
DA:136,0
FN:138,UniswapV2Router01.removeLiquidityWithPermit
FNDA:0,UniswapV2Router01.removeLiquidityWithPermit
DA:148,0
DA:149,0
DA:150,0
DA:151,0
FN:153,UniswapV2Router01.removeLiquidityETHWithPermit
FNDA:0,UniswapV2Router01.removeLiquidityETHWithPermit
DA:162,0
DA:163,0
DA:164,0
DA:165,0
FN:170,UniswapV2Router01._swap
FNDA:0,UniswapV2Router01._swap
DA:171,0
DA:172,0
DA:173,0
DA:174,0
DA:175,0
DA:176,0
DA:177,0
FN:180,UniswapV2Router01.swapExactTokensForTokens
FNDA:0,UniswapV2Router01.swapExactTokensForTokens
DA:187,0
DA:188,0
BRDA:188,10,0,-
BRDA:188,10,1,-
DA:189,0
DA:190,0
FN:192,UniswapV2Router01.swapTokensForExactTokens
FNDA:0,UniswapV2Router01.swapTokensForExactTokens
DA:199,0
DA:200,0
BRDA:200,11,0,-
BRDA:200,11,1,-
DA:201,0
DA:202,0
FN:204,UniswapV2Router01.swapExactETHForTokens
FNDA:0,UniswapV2Router01.swapExactETHForTokens
DA:211,0
BRDA:211,12,0,-
BRDA:211,12,1,-
DA:212,0
DA:213,0
BRDA:213,13,0,-
BRDA:213,13,1,-
DA:214,0
DA:215,0
BRDA:215,14,0,-
BRDA:215,14,1,-
DA:216,0
FN:218,UniswapV2Router01.swapTokensForExactETH
FNDA:0,UniswapV2Router01.swapTokensForExactETH
DA:224,0
BRDA:224,15,0,-
BRDA:224,15,1,-
DA:225,0
DA:226,0
BRDA:226,16,0,-
BRDA:226,16,1,-
DA:227,0
DA:228,0
DA:229,0
DA:230,0
FN:232,UniswapV2Router01.swapExactTokensForETH
FNDA:0,UniswapV2Router01.swapExactTokensForETH
DA:238,0
BRDA:238,17,0,-
BRDA:238,17,1,-
DA:239,0
DA:240,0
BRDA:240,18,0,-
BRDA:240,18,1,-
DA:241,0
DA:242,0
DA:243,0
DA:244,0
FN:246,UniswapV2Router01.swapETHForExactTokens
FNDA:0,UniswapV2Router01.swapETHForExactTokens
DA:253,0
BRDA:253,19,0,-
BRDA:253,19,1,-
DA:254,0
DA:255,0
BRDA:255,20,0,-
BRDA:255,20,1,-
DA:256,0
DA:257,0
BRDA:257,21,0,-
BRDA:257,21,1,-
DA:258,0
DA:259,0
BRDA:259,22,0,-
BRDA:259,22,1,-
FN:262,UniswapV2Router01.quote
FNDA:0,UniswapV2Router01.quote
DA:263,0
FN:266,UniswapV2Router01.getAmountOut
FNDA:0,UniswapV2Router01.getAmountOut
DA:267,0
FN:270,UniswapV2Router01.getAmountIn
FNDA:0,UniswapV2Router01.getAmountIn
DA:271,0
FN:274,UniswapV2Router01.getAmountsOut
FNDA:0,UniswapV2Router01.getAmountsOut
DA:275,0
FN:278,UniswapV2Router01.getAmountsIn
FNDA:0,UniswapV2Router01.getAmountsIn
DA:279,0
FNF:19
FNH:0
LF:91
LH:0
BRF:46
BRH:0
end_of_record
TN:
SF:src/router/UniswapV2Router02.sol
FN:33,UniswapV2Router02._addLiquidity
FNDA:0,UniswapV2Router02._addLiquidity
DA:42,0
BRDA:42,0,0,-
BRDA:42,0,1,-
DA:43,0
DA:45,0
DA:46,0
BRDA:46,1,0,-
BRDA:46,1,1,-
DA:47,0
DA:49,0
DA:50,0
BRDA:50,2,0,-
BRDA:50,2,1,-
DA:51,0
BRDA:51,3,0,-
BRDA:51,3,1,-
DA:52,0
DA:54,0
DA:55,0
BRDA:55,4,0,-
BRDA:55,4,1,-
DA:56,0
BRDA:56,5,0,-
BRDA:56,5,1,-
DA:57,0
FN:61,UniswapV2Router02.addLiquidity
FNDA:0,UniswapV2Router02.addLiquidity
DA:71,0
DA:72,0
DA:73,0
DA:74,0
DA:75,0
FN:77,UniswapV2Router02.addLiquidityETH
FNDA:0,UniswapV2Router02.addLiquidityETH
DA:85,0
DA:93,0
DA:94,0
DA:95,0
DA:96,0
BRDA:96,6,0,-
BRDA:96,6,1,-
DA:97,0
DA:99,0
BRDA:99,7,0,-
BRDA:99,7,1,-
FN:103,UniswapV2Router02.removeLiquidity
FNDA:0,UniswapV2Router02.removeLiquidity
DA:112,0
DA:113,0
DA:114,0
DA:115,0
DA:116,0
DA:117,0
BRDA:117,8,0,-
BRDA:117,8,1,-
DA:118,0
BRDA:118,9,0,-
BRDA:118,9,1,-
FN:120,UniswapV2Router02.removeLiquidityETH
FNDA:0,UniswapV2Router02.removeLiquidityETH
DA:128,0
DA:137,0
DA:138,0
DA:139,0
FN:141,UniswapV2Router02.removeLiquidityWithPermit
FNDA:0,UniswapV2Router02.removeLiquidityWithPermit
DA:151,0
DA:152,0
DA:153,0
DA:154,0
FN:156,UniswapV2Router02.removeLiquidityETHWithPermit
FNDA:0,UniswapV2Router02.removeLiquidityETHWithPermit
DA:165,0
DA:166,0
DA:167,0
DA:168,0
FN:172,UniswapV2Router02.removeLiquidityETHSupportingFeeOnTransferTokens
FNDA:0,UniswapV2Router02.removeLiquidityETHSupportingFeeOnTransferTokens
DA:180,0
DA:189,0
DA:190,0
DA:191,0
FN:193,UniswapV2Router02.removeLiquidityETHWithPermitSupportingFeeOnTransferTokens
FNDA:0,UniswapV2Router02.removeLiquidityETHWithPermitSupportingFeeOnTransferTokens
DA:202,0
DA:203,0
DA:204,0
DA:205,0
FN:212,UniswapV2Router02._swap
FNDA:0,UniswapV2Router02._swap
DA:213,0
DA:214,0
DA:215,0
DA:216,0
DA:217,0
DA:218,0
DA:219,0
FN:224,UniswapV2Router02.swapExactTokensForTokens
FNDA:0,UniswapV2Router02.swapExactTokensForTokens
DA:231,0
DA:232,0
BRDA:232,10,0,-
BRDA:232,10,1,-
DA:233,0
DA:236,0
FN:238,UniswapV2Router02.swapTokensForExactTokens
FNDA:0,UniswapV2Router02.swapTokensForExactTokens
DA:245,0
DA:246,0
BRDA:246,11,0,-
BRDA:246,11,1,-
DA:247,0
DA:250,0
FN:252,UniswapV2Router02.swapExactETHForTokens
FNDA:0,UniswapV2Router02.swapExactETHForTokens
DA:260,0
BRDA:260,12,0,-
BRDA:260,12,1,-
DA:261,0
DA:262,0
BRDA:262,13,0,-
BRDA:262,13,1,-
DA:263,0
DA:264,0
BRDA:264,14,0,-
BRDA:264,14,1,-
DA:265,0
FN:267,UniswapV2Router02.swapTokensForExactETH
FNDA:0,UniswapV2Router02.swapTokensForExactETH
DA:274,0
BRDA:274,15,0,-
BRDA:274,15,1,-
DA:275,0
DA:276,0
BRDA:276,16,0,-
BRDA:276,16,1,-
DA:277,0
DA:280,0
DA:281,0
DA:282,0
FN:284,UniswapV2Router02.swapExactTokensForETH
FNDA:0,UniswapV2Router02.swapExactTokensForETH
DA:291,0
BRDA:291,17,0,-
BRDA:291,17,1,-
DA:292,0
DA:293,0
BRDA:293,18,0,-
BRDA:293,18,1,-
DA:294,0
DA:297,0
DA:298,0
DA:299,0
FN:301,UniswapV2Router02.swapETHForExactTokens
FNDA:0,UniswapV2Router02.swapETHForExactTokens
DA:309,0
BRDA:309,19,0,-
BRDA:309,19,1,-
DA:310,0
DA:311,0
BRDA:311,20,0,-
BRDA:311,20,1,-
DA:312,0
DA:313,0
BRDA:313,21,0,-
BRDA:313,21,1,-
DA:314,0
DA:316,0
BRDA:316,22,0,-
BRDA:316,22,1,-
FN:321,UniswapV2Router02._swapSupportingFeeOnTransferTokens
FNDA:0,UniswapV2Router02._swapSupportingFeeOnTransferTokens
DA:322,0
DA:323,0
DA:324,0
DA:325,0
DA:326,0
DA:327,0
DA:329,0
DA:330,0
DA:331,0
DA:332,0
DA:334,0
DA:335,0
DA:336,0
FN:339,UniswapV2Router02.swapExactTokensForTokensSupportingFeeOnTransferTokens
FNDA:0,UniswapV2Router02.swapExactTokensForTokensSupportingFeeOnTransferTokens
DA:346,0
DA:349,0
DA:350,0
DA:351,0
BRDA:351,23,0,-
BRDA:351,23,1,-
FN:356,UniswapV2Router02.swapExactETHForTokensSupportingFeeOnTransferTokens
FNDA:0,UniswapV2Router02.swapExactETHForTokensSupportingFeeOnTransferTokens
DA:368,0
BRDA:368,24,0,-
BRDA:368,24,1,-
DA:369,0
DA:370,0
DA:371,0
BRDA:371,25,0,-
BRDA:371,25,1,-
DA:372,0
DA:373,0
DA:374,0
BRDA:374,26,0,-
BRDA:374,26,1,-
FN:379,UniswapV2Router02.swapExactTokensForETHSupportingFeeOnTransferTokens
FNDA:0,UniswapV2Router02.swapExactTokensForETHSupportingFeeOnTransferTokens
DA:391,0
BRDA:391,27,0,-
BRDA:391,27,1,-
DA:392,0
DA:395,0
DA:396,0
DA:397,0
BRDA:397,28,0,-
BRDA:397,28,1,-
DA:398,0
DA:399,0
FN:403,UniswapV2Router02.quote
FNDA:0,UniswapV2Router02.quote
DA:404,0
FN:407,UniswapV2Router02.getAmountOut
FNDA:0,UniswapV2Router02.getAmountOut
DA:414,0
FN:417,UniswapV2Router02.getAmountIn
FNDA:0,UniswapV2Router02.getAmountIn
DA:424,0
FN:427,UniswapV2Router02.getAmountsOut
FNDA:0,UniswapV2Router02.getAmountsOut
DA:434,0
FN:437,UniswapV2Router02.getAmountsIn
FNDA:0,UniswapV2Router02.getAmountsIn
DA:444,0
FNF:25
FNH:0
LF:130
LH:0
BRF:58
BRH:0
end_of_record
TN:
SF:src/router/libraries/Babylonian.sol
FN:10,Babylonian.sqrt
FNDA:0,Babylonian.sqrt
DA:11,0
BRDA:11,0,0,-
BRDA:11,0,1,-
DA:14,0
DA:15,0
DA:16,0
BRDA:16,1,0,-
BRDA:16,1,1,-
DA:17,0
DA:18,0
DA:20,0
BRDA:20,2,0,-
BRDA:20,2,1,-
DA:21,0
DA:22,0
DA:24,0
BRDA:24,3,0,-
BRDA:24,3,1,-
DA:25,0
DA:26,0
DA:28,0
BRDA:28,4,0,-
BRDA:28,4,1,-
DA:29,0
DA:30,0
DA:32,0
BRDA:32,5,0,-
BRDA:32,5,1,-
DA:33,0
DA:34,0
DA:36,0
BRDA:36,6,0,-
BRDA:36,6,1,-
DA:37,0
DA:38,0
DA:40,0
BRDA:40,7,0,-
BRDA:40,7,1,-
DA:41,0
DA:43,0
DA:44,0
DA:45,0
DA:46,0
DA:47,0
DA:48,0
DA:49,0
DA:50,0
DA:51,0
FNF:1
FNH:0
LF:32
LH:0
BRF:16
BRH:0
end_of_record
TN:
SF:src/router/libraries/BitMath.sol
FN:13,BitMath.mostSignificantBit
FNDA:0,BitMath.mostSignificantBit
DA:14,0
BRDA:14,0,0,-
BRDA:14,0,1,-
DA:16,0
BRDA:16,1,0,-
BRDA:16,1,1,-
DA:17,0
DA:18,0
DA:20,0
BRDA:20,2,0,-
BRDA:20,2,1,-
DA:21,0
DA:22,0
DA:24,0
BRDA:24,3,0,-
BRDA:24,3,1,-
DA:25,0
DA:26,0
DA:28,0
BRDA:28,4,0,-
BRDA:28,4,1,-
DA:29,0
DA:30,0
DA:32,0
BRDA:32,5,0,-
BRDA:32,5,1,-
DA:33,0
DA:34,0
DA:36,0
BRDA:36,6,0,-
BRDA:36,6,1,-
DA:37,0
DA:38,0
DA:40,0
BRDA:40,7,0,-
BRDA:40,7,1,-
DA:41,0
DA:42,0
DA:44,0
BRDA:44,8,0,-
BRDA:44,8,1,-
FN:53,BitMath.leastSignificantBit
FNDA:0,BitMath.leastSignificantBit
DA:54,0
BRDA:54,9,0,-
BRDA:54,9,1,-
DA:56,0
DA:57,0
BRDA:57,10,0,-
BRDA:57,10,1,-
DA:58,0
DA:60,0
DA:62,0
BRDA:62,11,0,-
BRDA:62,11,1,-
DA:63,0
DA:65,0
DA:67,0
BRDA:67,12,0,-
BRDA:67,12,1,-
DA:68,0
DA:70,0
DA:72,0
BRDA:72,13,0,-
BRDA:72,13,1,-
DA:73,0
DA:75,0
DA:77,0
BRDA:77,14,0,-
BRDA:77,14,1,-
DA:78,0
DA:80,0
DA:82,0
BRDA:82,15,0,-
BRDA:82,15,1,-
DA:83,0
DA:85,0
DA:87,0
BRDA:87,16,0,-
BRDA:87,16,1,-
DA:88,0
DA:90,0
DA:92,0
BRDA:92,17,0,-
BRDA:92,17,1,-
FNF:2
FNH:0
LF:47
LH:0
BRF:36
BRH:0
end_of_record
TN:
SF:src/router/libraries/FixedPoint.sol
FN:28,FixedPoint.encode
FNDA:0,FixedPoint.encode
DA:29,0
FN:33,FixedPoint.encode144
FNDA:0,FixedPoint.encode144
DA:34,0
FN:38,FixedPoint.decode
FNDA:0,FixedPoint.decode
DA:39,0
FN:43,FixedPoint.decode144
FNDA:0,FixedPoint.decode144
DA:44,0
FN:49,FixedPoint.mul
FNDA:0,FixedPoint.mul
DA:50,0
DA:51,0
BRDA:51,0,0,-
BRDA:51,0,1,-
DA:52,0
FN:57,FixedPoint.muli
FNDA:0,FixedPoint.muli
DA:58,0
DA:59,0
BRDA:59,1,0,-
BRDA:59,1,1,-
DA:60,0
FN:65,FixedPoint.muluq
FNDA:0,FixedPoint.muluq
DA:66,0
BRDA:66,2,0,-
BRDA:66,2,1,-
DA:67,0
DA:69,0
DA:70,0
DA:71,0
DA:72,0
DA:75,0
DA:76,0
DA:77,0
DA:78,0
DA:81,0
BRDA:81,3,0,-
BRDA:81,3,1,-
DA:84,0
DA:87,0
BRDA:87,4,0,-
BRDA:87,4,1,-
DA:89,0
FN:93,FixedPoint.divuq
FNDA:0,FixedPoint.divuq
DA:94,0
BRDA:94,5,0,-
BRDA:94,5,1,-
DA:95,0
BRDA:95,6,0,-
BRDA:95,6,1,-
DA:96,0
DA:98,0
BRDA:98,7,0,-
BRDA:98,7,1,-
DA:99,0
DA:100,0
BRDA:100,8,0,-
BRDA:100,8,1,-
DA:101,0
DA:104,0
DA:105,0
BRDA:105,9,0,-
BRDA:105,9,1,-
DA:106,0
FN:111,FixedPoint.fraction
FNDA:0,FixedPoint.fraction
DA:112,0
BRDA:112,10,0,-
BRDA:112,10,1,-
DA:113,0
BRDA:113,11,0,-
BRDA:113,11,1,-
DA:115,0
BRDA:115,12,0,-
BRDA:115,12,1,-
DA:116,0
DA:117,0
BRDA:117,13,0,-
BRDA:117,13,1,-
DA:118,0
DA:120,0
DA:121,0
BRDA:121,14,0,-
BRDA:121,14,1,-
DA:122,0
FN:129,FixedPoint.reciprocal
FNDA:0,FixedPoint.reciprocal
DA:130,0
BRDA:130,15,0,-
BRDA:130,15,1,-
DA:131,0
BRDA:131,16,0,-
BRDA:131,16,1,-
DA:132,0
FN:137,FixedPoint.sqrt
FNDA:0,FixedPoint.sqrt
DA:138,0
BRDA:138,17,0,-
BRDA:138,17,1,-
DA:139,0
DA:142,0
DA:143,0
DA:144,0
FNF:11
FNH:0
LF:51
LH:0
BRF:36
BRH:0
end_of_record
TN:
SF:src/router/libraries/FullMath.sol
FN:14,FullMath.mulDiv
FNDA:0,FullMath.mulDiv
DA:24,0
DA:25,0
DA:28,0
DA:29,0
DA:33,0
BRDA:33,0,0,-
BRDA:33,0,1,-
DA:34,0
BRDA:34,1,0,-
BRDA:34,1,1,-
DA:36,0
DA:38,0
DA:43,0
BRDA:43,2,0,-
BRDA:43,2,1,-
DA:51,0
DA:53,0
DA:57,0
DA:58,0
DA:64,0
DA:68,0
DA:73,0
DA:79,0
DA:81,0
DA:88,0
DA:92,0
DA:93,0
DA:94,0
DA:95,0
DA:96,0
DA:97,0
DA:105,0
DA:106,0
FN:114,FullMath.mulDivRoundingUp
FNDA:0,FullMath.mulDivRoundingUp
DA:119,0
DA:120,0
BRDA:120,3,0,-
BRDA:120,3,1,-
DA:121,0
BRDA:121,4,0,-
BRDA:121,4,1,-
DA:122,0
FNF:2
FNH:0
LF:31
LH:0
BRF:10
BRH:0
end_of_record
TN:
SF:src/router/libraries/SafeMath.sol
FN:6,SafeMath.add
FNDA:0,SafeMath.add
DA:7,0
BRDA:7,0,0,-
BRDA:7,0,1,-
FN:10,SafeMath.sub
FNDA:0,SafeMath.sub
DA:11,0
BRDA:11,1,0,-
BRDA:11,1,1,-
FN:14,SafeMath.mul
FNDA:0,SafeMath.mul
DA:15,0
BRDA:15,2,0,-
BRDA:15,2,1,-
FNF:3
FNH:0
LF:3
LH:0
BRF:6
BRH:0
end_of_record
TN:
SF:src/router/libraries/UniswapV2Library.sol
FN:11,UniswapV2Library.sortTokens
FNDA:0,UniswapV2Library.sortTokens
DA:12,0
BRDA:12,0,0,-
BRDA:12,0,1,-
DA:13,0
DA:14,0
BRDA:14,1,0,-
BRDA:14,1,1,-
FN:18,UniswapV2Library.pairFor
FNDA:0,UniswapV2Library.pairFor
DA:19,0
DA:20,0
FN:30,UniswapV2Library.getReserves
FNDA:0,UniswapV2Library.getReserves
DA:31,0
DA:32,0
DA:33,0
FN:37,UniswapV2Library.quote
FNDA:0,UniswapV2Library.quote
DA:38,0
BRDA:38,2,0,-
BRDA:38,2,1,-
DA:39,0
BRDA:39,3,0,-
BRDA:39,3,1,-
DA:40,0
FN:44,UniswapV2Library.getAmountOut
FNDA:0,UniswapV2Library.getAmountOut
DA:45,0
BRDA:45,4,0,-
BRDA:45,4,1,-
DA:46,0
BRDA:46,5,0,-
BRDA:46,5,1,-
DA:47,0
DA:48,0
DA:49,0
DA:50,0
FN:54,UniswapV2Library.getAmountIn
FNDA:0,UniswapV2Library.getAmountIn
DA:55,0
BRDA:55,6,0,-
BRDA:55,6,1,-
DA:56,0
BRDA:56,7,0,-
BRDA:56,7,1,-
DA:57,0
DA:58,0
DA:59,0
FN:63,UniswapV2Library.getAmountsOut
FNDA:0,UniswapV2Library.getAmountsOut
DA:64,0
BRDA:64,8,0,-
BRDA:64,8,1,-
DA:65,0
DA:66,0
DA:67,0
DA:68,0
DA:69,0
FN:74,UniswapV2Library.getAmountsIn
FNDA:0,UniswapV2Library.getAmountsIn
DA:75,0
BRDA:75,9,0,-
BRDA:75,9,1,-
DA:76,0
DA:77,0
DA:78,0
DA:79,0
DA:80,0
FNF:8
FNH:0
LF:34
LH:0
BRF:20
BRH:0
end_of_record
TN:
SF:src/router/libraries/UniswapV2LiquidityMathLibrary.sol
FN:17,UniswapV2LiquidityMathLibrary.computeProfitMaximizingTrade
FNDA:0,UniswapV2LiquidityMathLibrary.computeProfitMaximizingTrade
DA:23,0
DA:25,0
DA:27,0
DA:34,0
DA:36,0
BRDA:36,0,0,-
BRDA:36,0,1,-
DA:39,0
FN:43,UniswapV2LiquidityMathLibrary.getReservesAfterArbitrage
FNDA:0,UniswapV2LiquidityMathLibrary.getReservesAfterArbitrage
DA:51,0
DA:53,0
BRDA:53,1,0,-
BRDA:53,1,1,-
DA:56,0
DA:58,0
BRDA:58,2,0,-
BRDA:58,2,1,-
DA:59,0
DA:63,0
BRDA:63,3,0,-
BRDA:63,3,1,-
DA:64,0
DA:65,0
DA:66,0
DA:68,0
DA:69,0
DA:70,0
FN:75,UniswapV2LiquidityMathLibrary.computeLiquidityValue
FNDA:0,UniswapV2LiquidityMathLibrary.computeLiquidityValue
DA:83,0
BRDA:83,4,0,-
BRDA:83,4,1,-
DA:84,0
DA:85,0
DA:86,0
BRDA:86,5,0,-
BRDA:86,5,1,-
DA:87,0
DA:88,0
DA:89,0
DA:90,0
DA:91,0
DA:94,0
FN:100,UniswapV2LiquidityMathLibrary.getLiquidityValue
FNDA:0,UniswapV2LiquidityMathLibrary.getLiquidityValue
DA:106,0
DA:107,0
DA:108,0
DA:109,0
DA:110,0
DA:111,0
FN:116,UniswapV2LiquidityMathLibrary.getLiquidityValueAfterArbitrageToPrice
FNDA:0,UniswapV2LiquidityMathLibrary.getLiquidityValueAfterArbitrageToPrice
DA:127,0
DA:128,0
DA:129,0
DA:130,0
DA:133,0
BRDA:133,6,0,-
BRDA:133,6,1,-
DA:135,0
DA:137,0
FNF:5
FNH:0
LF:41
LH:0
BRF:14
BRH:0
end_of_record
TN:
SF:src/router/libraries/UniswapV2OracleLibrary.sol
FN:11,UniswapV2OracleLibrary.currentBlockTimestamp
FNDA:0,UniswapV2OracleLibrary.currentBlockTimestamp
DA:12,0
FN:16,UniswapV2OracleLibrary.currentCumulativePrices
FNDA:0,UniswapV2OracleLibrary.currentCumulativePrices
DA:19,0
DA:20,0
DA:21,0
DA:24,0
DA:25,0
BRDA:25,0,0,-
BRDA:25,0,1,-
DA:27,0
DA:30,0
DA:32,0
FNF:2
FNH:0
LF:9
LH:0
BRF:2
BRH:0
end_of_record
TN:
SF:src/router/test/DeflatingERC20.sol
FN:40,DeflatingERC20._mint
FNDA:0,DeflatingERC20._mint
DA:41,0
DA:42,0
DA:43,0
FN:46,DeflatingERC20._burn
FNDA:0,DeflatingERC20._burn
DA:47,0
DA:48,0
DA:49,0
FN:52,DeflatingERC20._approve
FNDA:0,DeflatingERC20._approve
DA:53,0
DA:54,0
FN:57,DeflatingERC20._transfer
FNDA:0,DeflatingERC20._transfer
DA:58,0
DA:59,0
DA:60,0
DA:61,0
DA:62,0
DA:63,0
FN:66,DeflatingERC20.approve
FNDA:0,DeflatingERC20.approve
DA:67,0
DA:68,0
FN:71,DeflatingERC20.transfer
FNDA:0,DeflatingERC20.transfer
DA:72,0
DA:73,0
FN:76,DeflatingERC20.transferFrom
FNDA:0,DeflatingERC20.transferFrom
DA:77,0
BRDA:77,0,0,-
BRDA:77,0,1,-
DA:78,0
DA:80,0
DA:81,0
FN:84,DeflatingERC20.permit
FNDA:0,DeflatingERC20.permit
DA:85,0
BRDA:85,1,0,-
BRDA:85,1,1,-
DA:86,0
DA:93,0
DA:94,0
BRDA:94,2,0,-
BRDA:94,2,1,-
DA:95,0
FNF:8
FNH:0
LF:27
LH:0
BRF:6
BRH:0
end_of_record
TN:
SF:src/router/test/ERC20.sol
FN:40,ERC20._mint
FNDA:0,ERC20._mint
DA:41,0
DA:42,0
DA:43,0
FN:46,ERC20._burn
FNDA:0,ERC20._burn
DA:47,0
DA:48,0
DA:49,0
FN:52,ERC20._approve
FNDA:0,ERC20._approve
DA:53,0
DA:54,0
FN:57,ERC20._transfer
FNDA:0,ERC20._transfer
DA:58,0
DA:59,0
DA:60,0
FN:63,ERC20.approve
FNDA:0,ERC20.approve
DA:64,0
DA:65,0
FN:68,ERC20.transfer
FNDA:0,ERC20.transfer
DA:69,0
DA:70,0
FN:73,ERC20.transferFrom
FNDA:0,ERC20.transferFrom
DA:74,0
BRDA:74,0,0,-
BRDA:74,0,1,-
DA:75,0
DA:77,0
DA:78,0
FN:81,ERC20.permit
FNDA:0,ERC20.permit
DA:82,0
BRDA:82,1,0,-
BRDA:82,1,1,-
DA:83,0
DA:90,0
DA:91,0
BRDA:91,2,0,-
BRDA:91,2,1,-
DA:92,0
FNF:8
FNH:0
LF:24
LH:0
BRF:6
BRH:0
end_of_record
TN:
SF:src/router/test/RouterEventEmitter.sol
FN:10,RouterEventEmitter.swapExactTokensForTokens
FNDA:0,RouterEventEmitter.swapExactTokensForTokens
DA:18,0
DA:21,0
BRDA:21,0,0,-
BRDA:21,0,1,-
DA:22,0
FN:25,RouterEventEmitter.swapTokensForExactTokens
FNDA:0,RouterEventEmitter.swapTokensForExactTokens
DA:33,0
DA:36,0
BRDA:36,1,0,-
BRDA:36,1,1,-
DA:37,0
FN:40,RouterEventEmitter.swapExactETHForTokens
FNDA:0,RouterEventEmitter.swapExactETHForTokens
DA:47,0
DA:50,0
BRDA:50,2,0,-
BRDA:50,2,1,-
DA:51,0
FN:54,RouterEventEmitter.swapTokensForExactETH
FNDA:0,RouterEventEmitter.swapTokensForExactETH
DA:62,0
DA:65,0
BRDA:65,3,0,-
BRDA:65,3,1,-
DA:66,0
FN:69,RouterEventEmitter.swapExactTokensForETH
FNDA:0,RouterEventEmitter.swapExactTokensForETH
DA:77,0
DA:80,0
BRDA:80,4,0,-
BRDA:80,4,1,-
DA:81,0
FN:84,RouterEventEmitter.swapETHForExactTokens
FNDA:0,RouterEventEmitter.swapETHForExactTokens
DA:91,0
DA:94,0
BRDA:94,5,0,-
BRDA:94,5,1,-
DA:95,0
FNF:6
FNH:0
LF:18
LH:0
BRF:12
BRH:0
end_of_record
TN:
SF:src/router/test/WETH9.sol
FN:20,WETH.deposit
FNDA:0,WETH.deposit
DA:21,0
DA:22,0
FN:24,WETH.withdraw
FNDA:0,WETH.withdraw
DA:25,0
BRDA:25,0,0,-
BRDA:25,0,1,-
DA:26,0
DA:27,0
DA:28,0
FN:31,WETH.totalSupply
FNDA:0,WETH.totalSupply
DA:32,0
FN:35,WETH.approve
FNDA:0,WETH.approve
DA:36,0
DA:37,0
DA:38,0
FN:41,WETH.transfer
FNDA:0,WETH.transfer
DA:42,0
FN:45,WETH.transferFrom
FNDA:0,WETH.transferFrom
DA:49,0
BRDA:49,1,0,-
BRDA:49,1,1,-
DA:51,0
BRDA:51,2,0,-
BRDA:51,2,1,-
DA:52,0
BRDA:52,3,0,-
BRDA:52,3,1,-
DA:53,0
DA:56,0
DA:57,0
DA:59,0
DA:61,0
FNF:6
FNH:0
LF:19
LH:0
BRF:8
BRH:0
end_of_record
TN:
SF:src/router/transferHelper.sol
FN:7,TransferHelper.safeApprove
FNDA:0,TransferHelper.safeApprove
DA:13,0
DA:14,0
BRDA:14,0,0,-
BRDA:14,0,1,-
FN:20,TransferHelper.safeTransfer
FNDA:0,TransferHelper.safeTransfer
DA:26,0
DA:27,0
BRDA:27,1,0,-
BRDA:27,1,1,-
FN:33,TransferHelper.safeTransferFrom
FNDA:0,TransferHelper.safeTransferFrom
DA:40,0
DA:41,0
BRDA:41,2,0,-
BRDA:41,2,1,-
FN:47,TransferHelper.safeTransferETH
FNDA:0,TransferHelper.safeTransferETH
DA:48,0
DA:49,0
BRDA:49,3,0,-
BRDA:49,3,1,-
FNF:4
FNH:0
LF:8
LH:0
BRF:8
BRH:0
end_of_record
TN:
SF:src/sHYDT.sol
FN:36,sHYDT.initialize
FNDA:21,sHYDT.initialize
DA:37,21
BRDA:37,0,0,-
BRDA:37,0,1,21
DA:40,21
BRDA:40,1,0,-
BRDA:40,1,1,21
DA:41,21
DA:43,21
DA:44,21
FN:56,sHYDT.mint
FNDA:24,sHYDT.mint
DA:57,24
DA:58,24
FN:68,sHYDT.burn
FNDA:6,sHYDT.burn
DA:69,6
DA:70,6
DA:71,6
FN:93,sHYDT.burnFrom
FNDA:0,sHYDT.burnFrom
DA:94,0
DA:95,0
DA:96,0
DA:97,0
FNF:4
FNH:3
LF:14
LH:10
BRF:4
BRH:2
end_of_record
TN:
SF:src/uni/UniswapV2ERC20.sol
FN:69,UniswapV2ERC20.name
FNDA:0,UniswapV2ERC20.name
DA:70,0
FN:72,UniswapV2ERC20.symbol
FNDA:0,UniswapV2ERC20.symbol
DA:73,0
FN:75,UniswapV2ERC20.decimals
FNDA:0,UniswapV2ERC20.decimals
DA:76,0
FN:78,UniswapV2ERC20.totalSupply
FNDA:0,UniswapV2ERC20.totalSupply
DA:79,0
FN:89,UniswapV2ERC20.nonces
FNDA:0,UniswapV2ERC20.nonces
DA:90,0
FN:93,UniswapV2ERC20.balanceOf
FNDA:0,UniswapV2ERC20.balanceOf
DA:94,0
FN:97,UniswapV2ERC20.allowance
FNDA:0,UniswapV2ERC20.allowance
DA:98,0
FN:120,UniswapV2ERC20._mint
FNDA:0,UniswapV2ERC20._mint
DA:121,0
DA:122,0
DA:123,0
FN:126,UniswapV2ERC20._burn
FNDA:0,UniswapV2ERC20._burn
DA:127,0
DA:128,0
DA:129,0
FN:132,UniswapV2ERC20._approve
FNDA:0,UniswapV2ERC20._approve
DA:133,0
DA:134,0
FN:137,UniswapV2ERC20._transfer
FNDA:0,UniswapV2ERC20._transfer
DA:138,0
DA:139,0
DA:140,0
FN:143,UniswapV2ERC20.approve
FNDA:0,UniswapV2ERC20.approve
DA:144,0
DA:145,0
FN:148,UniswapV2ERC20.transfer
FNDA:0,UniswapV2ERC20.transfer
DA:149,0
DA:150,0
FN:153,UniswapV2ERC20.transferFrom
FNDA:0,UniswapV2ERC20.transferFrom
DA:154,0
BRDA:154,0,0,-
BRDA:154,0,1,-
DA:155,0
DA:157,0
DA:158,0
FN:161,UniswapV2ERC20.permit
FNDA:0,UniswapV2ERC20.permit
DA:162,0
BRDA:162,1,0,-
BRDA:162,1,1,-
DA:163,0
DA:170,0
DA:171,0
BRDA:171,2,0,-
BRDA:171,2,1,-
DA:172,0
FN:9,SafeMath.add
FNDA:0,SafeMath.add
DA:10,0
BRDA:10,0,0,-
BRDA:10,0,1,-
FN:13,SafeMath.sub
FNDA:0,SafeMath.sub
DA:14,0
BRDA:14,1,0,-
BRDA:14,1,1,-
FN:17,SafeMath.mul
FNDA:0,SafeMath.mul
DA:18,0
BRDA:18,2,0,-
BRDA:18,2,1,-
FNF:18
FNH:0
LF:34
LH:0
BRF:12
BRH:0
end_of_record
TN:
SF:src/uni/UniswapV2ERC2000.sol
FN:21,UniswapV2ERC20.name
FNDA:0,UniswapV2ERC20.name
DA:22,0
FN:24,UniswapV2ERC20.symbol
FNDA:0,UniswapV2ERC20.symbol
DA:25,0
FN:27,UniswapV2ERC20.decimals
FNDA:0,UniswapV2ERC20.decimals
DA:28,0
FN:30,UniswapV2ERC20.totalSupply
FNDA:0,UniswapV2ERC20.totalSupply
DA:31,0
FN:41,UniswapV2ERC20.nonces
FNDA:0,UniswapV2ERC20.nonces
DA:42,0
FN:45,UniswapV2ERC20.balanceOf
FNDA:0,UniswapV2ERC20.balanceOf
DA:46,0
FN:49,UniswapV2ERC20.allowance
FNDA:0,UniswapV2ERC20.allowance
DA:50,0
FN:72,UniswapV2ERC20._mint
FNDA:0,UniswapV2ERC20._mint
DA:73,0
DA:74,0
DA:75,0
FN:78,UniswapV2ERC20._burn
FNDA:0,UniswapV2ERC20._burn
DA:79,0
DA:80,0
DA:81,0
FN:84,UniswapV2ERC20._approve
FNDA:0,UniswapV2ERC20._approve
DA:85,0
DA:86,0
FN:89,UniswapV2ERC20._transfer
FNDA:0,UniswapV2ERC20._transfer
DA:90,0
DA:91,0
DA:92,0
FN:95,UniswapV2ERC20.approve
FNDA:0,UniswapV2ERC20.approve
DA:96,0
DA:97,0
FN:100,UniswapV2ERC20.transfer
FNDA:0,UniswapV2ERC20.transfer
DA:101,0
DA:102,0
FN:105,UniswapV2ERC20.transferFrom
FNDA:0,UniswapV2ERC20.transferFrom
DA:106,0
BRDA:106,0,0,-
BRDA:106,0,1,-
DA:107,0
DA:109,0
DA:110,0
FN:113,UniswapV2ERC20.permit
FNDA:0,UniswapV2ERC20.permit
DA:114,0
BRDA:114,1,0,-
BRDA:114,1,1,-
DA:115,0
DA:122,0
DA:123,0
BRDA:123,2,0,-
BRDA:123,2,1,-
DA:124,0
FNF:15
FNH:0
LF:31
LH:0
BRF:6
BRH:0
end_of_record
TN:
SF:src/uni/UniswapV2ERC20_flattened.sol
FN:9,SafeMath.add
FNDA:0,SafeMath.add
DA:10,0
BRDA:10,0,0,-
BRDA:10,0,1,-
FN:13,SafeMath.sub
FNDA:0,SafeMath.sub
DA:14,0
BRDA:14,1,0,-
BRDA:14,1,1,-
FN:17,SafeMath.mul
FNDA:0,SafeMath.mul
DA:18,0
BRDA:18,2,0,-
BRDA:18,2,1,-
FN:69,UniswapV2ERC20.name
FNDA:0,UniswapV2ERC20.name
DA:70,0
FN:72,UniswapV2ERC20.symbol
FNDA:0,UniswapV2ERC20.symbol
DA:73,0
FN:75,UniswapV2ERC20.decimals
FNDA:0,UniswapV2ERC20.decimals
DA:76,0
FN:78,UniswapV2ERC20.totalSupply
FNDA:0,UniswapV2ERC20.totalSupply
DA:79,0
FN:89,UniswapV2ERC20.nonces
FNDA:0,UniswapV2ERC20.nonces
DA:90,0
FN:93,UniswapV2ERC20.balanceOf
FNDA:0,UniswapV2ERC20.balanceOf
DA:94,0
FN:97,UniswapV2ERC20.allowance
FNDA:0,UniswapV2ERC20.allowance
DA:98,0
FN:120,UniswapV2ERC20._mint
FNDA:0,UniswapV2ERC20._mint
DA:121,0
DA:122,0
DA:123,0
FN:126,UniswapV2ERC20._burn
FNDA:0,UniswapV2ERC20._burn
DA:127,0
DA:128,0
DA:129,0
FN:132,UniswapV2ERC20._approve
FNDA:0,UniswapV2ERC20._approve
DA:133,0
DA:134,0
FN:137,UniswapV2ERC20._transfer
FNDA:0,UniswapV2ERC20._transfer
DA:138,0
DA:139,0
DA:140,0
FN:143,UniswapV2ERC20.approve
FNDA:0,UniswapV2ERC20.approve
DA:144,0
DA:145,0
FN:148,UniswapV2ERC20.transfer
FNDA:0,UniswapV2ERC20.transfer
DA:149,0
DA:150,0
FN:153,UniswapV2ERC20.transferFrom
FNDA:0,UniswapV2ERC20.transferFrom
DA:154,0
BRDA:154,0,0,-
BRDA:154,0,1,-
DA:155,0
DA:157,0
DA:158,0
FN:161,UniswapV2ERC20.permit
FNDA:0,UniswapV2ERC20.permit
DA:162,0
BRDA:162,1,0,-
BRDA:162,1,1,-
DA:163,0
DA:170,0
DA:171,0
BRDA:171,2,0,-
BRDA:171,2,1,-
DA:172,0
FNF:18
FNH:0
LF:34
LH:0
BRF:12
BRH:0
end_of_record
TN:
SF:src/uni/UniswapV2Factory.sol
FN:20,UniswapV2Factory.allPairsLength
FNDA:0,UniswapV2Factory.allPairsLength
DA:21,0
FN:24,UniswapV2Factory.createPair
FNDA:0,UniswapV2Factory.createPair
DA:25,0
BRDA:25,0,0,-
BRDA:25,0,1,-
DA:26,0
DA:27,0
BRDA:27,1,0,-
BRDA:27,1,1,-
DA:28,0
BRDA:28,2,0,-
BRDA:28,2,1,-
DA:29,0
DA:30,0
DA:32,0
DA:34,0
DA:35,0
DA:36,0
DA:37,0
DA:38,0
FN:41,UniswapV2Factory.setFeeTo
FNDA:0,UniswapV2Factory.setFeeTo
DA:42,0
BRDA:42,3,0,-
BRDA:42,3,1,-
DA:43,0
FN:46,UniswapV2Factory.setFeeToSetter
FNDA:0,UniswapV2Factory.setFeeToSetter
DA:47,0
BRDA:47,4,0,-
BRDA:47,4,1,-
DA:48,0
FNF:4
FNH:0
LF:17
LH:0
BRF:10
BRH:0
end_of_record
TN:
SF:src/uni/UniswapV2Pair.sol
FN:38,UniswapV2Pair.getReserves
FNDA:0,UniswapV2Pair.getReserves
DA:39,0
DA:40,0
DA:41,0
FN:44,UniswapV2Pair._safeTransfer
FNDA:0,UniswapV2Pair._safeTransfer
DA:45,0
DA:46,0
BRDA:46,0,0,-
BRDA:46,0,1,-
FN:66,UniswapV2Pair.initialize
FNDA:0,UniswapV2Pair.initialize
DA:67,0
BRDA:67,1,0,-
BRDA:67,1,1,-
DA:68,0
DA:69,0
FN:73,UniswapV2Pair._update
FNDA:0,UniswapV2Pair._update
DA:74,0
BRDA:74,2,0,-
BRDA:74,2,1,-
DA:75,0
DA:76,0
DA:77,0
BRDA:77,3,0,-
BRDA:77,3,1,-
DA:79,0
DA:80,0
DA:82,0
DA:83,0
DA:84,0
DA:85,0
FN:89,UniswapV2Pair._mintFee
FNDA:0,UniswapV2Pair._mintFee
DA:90,0
DA:91,0
DA:92,0
DA:93,0
BRDA:93,4,0,-
BRDA:93,4,1,-
DA:94,0
BRDA:94,5,0,-
BRDA:94,5,1,-
DA:95,0
DA:96,0
DA:97,0
BRDA:97,6,0,-
BRDA:97,6,1,-
DA:98,0
DA:99,0
DA:100,0
DA:101,0
BRDA:101,7,0,-
BRDA:101,7,1,-
DA:104,0
BRDA:104,8,0,-
BRDA:104,8,1,-
DA:105,0
FN:110,UniswapV2Pair.mint
FNDA:0,UniswapV2Pair.mint
DA:111,0
DA:112,0
DA:113,0
DA:114,0
DA:115,0
DA:117,0
DA:118,0
DA:119,0
BRDA:119,9,0,-
BRDA:119,9,1,-
DA:120,0
DA:121,0
DA:123,0
DA:125,0
BRDA:125,10,0,-
BRDA:125,10,1,-
DA:126,0
DA:128,0
DA:129,0
BRDA:129,11,0,-
BRDA:129,11,1,-
DA:130,0
FN:134,UniswapV2Pair.burn
FNDA:0,UniswapV2Pair.burn
DA:135,0
DA:136,0
DA:137,0
DA:138,0
DA:139,0
DA:140,0
DA:142,0
DA:143,0
DA:144,0
DA:145,0
DA:146,0
BRDA:146,12,0,-
BRDA:146,12,1,-
DA:147,0
DA:148,0
DA:149,0
DA:150,0
DA:151,0
DA:153,0
DA:154,0
BRDA:154,13,0,-
BRDA:154,13,1,-
DA:155,0
FN:159,UniswapV2Pair.swap
FNDA:0,UniswapV2Pair.swap
DA:160,0
BRDA:160,14,0,-
BRDA:160,14,1,-
DA:161,0
DA:162,0
BRDA:162,15,0,-
BRDA:162,15,1,-
DA:164,0
DA:165,0
DA:167,0
DA:168,0
DA:169,0
BRDA:169,16,0,-
BRDA:169,16,1,-
DA:170,0
BRDA:170,17,0,-
BRDA:170,17,1,-
DA:171,0
BRDA:171,18,0,-
BRDA:171,18,1,-
DA:172,0
BRDA:172,19,0,-
BRDA:172,19,1,-
DA:173,0
DA:174,0
DA:176,0
DA:177,0
DA:178,0
BRDA:178,20,0,-
BRDA:178,20,1,-
DA:180,0
DA:181,0
DA:182,0
BRDA:182,21,0,-
BRDA:182,21,1,-
DA:185,0
DA:186,0
FN:190,UniswapV2Pair.skim
FNDA:0,UniswapV2Pair.skim
DA:191,0
DA:192,0
DA:193,0
DA:194,0
FN:198,UniswapV2Pair.sync
FNDA:0,UniswapV2Pair.sync
DA:199,0
FNF:10
FNH:0
LF:93
LH:0
BRF:44
BRH:0
end_of_record
TN:
SF:src/uni/libraries/Math.sol
FN:6,Math.min
FNDA:0,Math.min
DA:7,0
FN:11,Math.sqrt
FNDA:0,Math.sqrt
DA:12,0
BRDA:12,0,0,-
BRDA:12,0,1,-
DA:13,0
DA:14,0
DA:15,0
DA:16,0
DA:17,0
DA:19,0
BRDA:19,1,0,-
BRDA:19,1,1,-
DA:20,0
FNF:2
FNH:0
LF:9
LH:0
BRF:4
BRH:0
end_of_record
TN:
SF:src/uni/libraries/SafeMath.sol
FN:6,SafeMath.add
FNDA:0,SafeMath.add
DA:7,0
BRDA:7,0,0,-
BRDA:7,0,1,-
FN:10,SafeMath.sub
FNDA:0,SafeMath.sub
DA:11,0
BRDA:11,1,0,-
BRDA:11,1,1,-
FN:14,SafeMath.mul
FNDA:0,SafeMath.mul
DA:15,0
BRDA:15,2,0,-
BRDA:15,2,1,-
FNF:3
FNH:0
LF:3
LH:0
BRF:6
BRH:0
end_of_record
TN:
SF:src/uni/libraries/UQ112x112.sol
FN:12,UQ112x112.encode
FNDA:0,UQ112x112.encode
DA:13,0
FN:17,UQ112x112.uqdiv
FNDA:0,UQ112x112.uqdiv
DA:18,0
FNF:2
FNH:0
LF:2
LH:0
BRF:0
BRH:0
end_of_record
TN:
SF:src/utils/AccessControl.sol
FN:77,AccessControl.supportsInterface
FNDA:0,AccessControl.supportsInterface
DA:78,0
FN:84,AccessControl.hasRole
FNDA:16,AccessControl.hasRole
DA:85,450
FN:96,AccessControl._checkRole
FNDA:99,AccessControl._checkRole
DA:97,99
FN:107,AccessControl._checkRole
FNDA:99,AccessControl._checkRole
DA:108,99
BRDA:108,0,0,6
BRDA:108,0,1,93
DA:109,6
FN:128,AccessControl.getRoleAdmin
FNDA:0,AccessControl.getRoleAdmin
DA:129,3
FN:144,AccessControl.grantRole
FNDA:2,AccessControl.grantRole
DA:145,2
FN:159,AccessControl.revokeRole
FNDA:1,AccessControl.revokeRole
DA:160,1
FN:179,AccessControl.renounceRole
FNDA:0,AccessControl.renounceRole
DA:180,0
BRDA:180,1,0,-
BRDA:180,1,1,-
DA:182,0
FN:205,AccessControl._setupRole
FNDA:0,AccessControl._setupRole
DA:206,0
FN:214,AccessControl._setRoleAdmin
FNDA:0,AccessControl._setRoleAdmin
DA:215,0
DA:216,0
DA:217,0
FN:227,AccessControl._grantRole
FNDA:334,AccessControl._grantRole
DA:228,334
BRDA:228,2,0,334
BRDA:228,2,1,334
DA:229,334
DA:230,334
FN:241,AccessControl._revokeRole
FNDA:1,AccessControl._revokeRole
DA:242,1
BRDA:242,3,0,1
BRDA:242,3,1,1
DA:243,1
DA:244,1
FNF:12
FNH:7
LF:20
LH:13
BRF:8
BRH:6
end_of_record
TN:
SF:src/utils/Context.sol
FN:17,Context._msgSender
FNDA:1091,Context._msgSender
DA:18,1091
FN:21,Context._msgData
FNDA:0,Context._msgData
DA:22,0
FNF:2
FNH:1
LF:2
LH:1
BRF:0
BRH:0
end_of_record
TN:
SF:src/utils/EIP712.sol
FN:70,EIP712._domainSeparatorV4
FNDA:0,EIP712._domainSeparatorV4
DA:71,0
BRDA:71,0,0,-
BRDA:71,0,1,-
DA:72,0
DA:74,0
FN:78,EIP712._buildDomainSeparator
FNDA:0,EIP712._buildDomainSeparator
DA:83,0
FN:101,EIP712._hashTypedDataV4
FNDA:0,EIP712._hashTypedDataV4
DA:102,0
FNF:3
FNH:0
LF:5
LH:0
BRF:2
BRH:0
end_of_record
TN:
SF:src/utils/ERC165.sol
FN:26,ERC165.supportsInterface
FNDA:0,ERC165.supportsInterface
DA:27,0
FNF:1
FNH:0
LF:1
LH:0
BRF:0
BRH:0
end_of_record
TN:
SF:src/utils/ERC20Permit.sol
FN:49,ERC20Permit.permit
FNDA:0,ERC20Permit.permit
DA:58,0
BRDA:58,0,0,-
BRDA:58,0,1,-
DA:60,0
DA:62,0
DA:64,0
DA:65,0
BRDA:65,1,0,-
BRDA:65,1,1,-
DA:67,0
FN:73,ERC20Permit.nonces
FNDA:0,ERC20Permit.nonces
DA:74,0
FN:81,ERC20Permit.DOMAIN_SEPARATOR
FNDA:0,ERC20Permit.DOMAIN_SEPARATOR
DA:82,0
FN:90,ERC20Permit._useNonce
FNDA:0,ERC20Permit._useNonce
DA:91,0
DA:92,0
DA:93,0
FNF:4
FNH:0
LF:11
LH:0
BRF:4
BRH:0
end_of_record
TN:
SF:src/utils/OpsReady.sol
FN:26,OpsReady._transfer
FNDA:0,OpsReady._transfer
DA:27,0
BRDA:27,0,0,-
BRDA:27,0,1,-
DA:28,0
DA:30,0
BRDA:30,1,0,-
BRDA:30,1,1,-
DA:32,0
FN:36,OpsReady._getFeeDetails
FNDA:0,OpsReady._getFeeDetails
DA:37,0
FNF:2
FNH:0
LF:5
LH:0
BRF:4
BRH:0
end_of_record
